{"/Users/mayankgirdhar/Movies/work/headless-ui/packages/@magnora/headlessui-react/src/index.ts": {"path":"/Users/mayankgirdhar/Movies/work/headless-ui/packages/@magnora/headlessui-react/src/index.ts","statementMap":{},"fnMap":{},"branchMap":{},"s":{},"f":{},"b":{}}
,"/Users/mayankgirdhar/Movies/work/headless-ui/packages/@magnora/headlessui-react/src/components/button/button.tsx": {"path":"/Users/mayankgirdhar/Movies/work/headless-ui/packages/@magnora/headlessui-react/src/components/button/button.tsx","statementMap":{"0":{"start":{"line":31,"column":22},"end":{"line":134,"column":1}},"1":{"start":{"line":48,"column":23},"end":{"line":48,"column":42}},"2":{"start":{"line":51,"column":38},"end":{"line":55,"column":6}},"3":{"start":{"line":57,"column":38},"end":{"line":62,"column":6}},"4":{"start":{"line":64,"column":27},"end":{"line":67,"column":6}},"5":{"start":{"line":70,"column":38},"end":{"line":70,"column":59}},"6":{"start":{"line":72,"column":31},"end":{"line":82,"column":5}},"7":{"start":{"line":75,"column":8},"end":{"line":75,"column":26}},"8":{"start":{"line":76,"column":8},"end":{"line":76,"column":31}},"9":{"start":{"line":79,"column":8},"end":{"line":79,"column":27}},"10":{"start":{"line":80,"column":8},"end":{"line":80,"column":30}},"11":{"start":{"line":84,"column":37},"end":{"line":90,"column":5}},"12":{"start":{"line":92,"column":4},"end":{"line":132,"column":5}},"13":{"start":{"line":136,"column":0},"end":{"line":136,"column":29}},"14":{"start":{"line":142,"column":2},"end":{"line":148,"column":3}}},"fnMap":{"0":{"name":"(anonymous_0)","decl":{"start":{"line":32,"column":2},"end":{"line":32,"column":3}},"loc":{"start":{"line":47,"column":13},"end":{"line":133,"column":3}},"line":47},"1":{"name":"(anonymous_1)","decl":{"start":{"line":74,"column":15},"end":{"line":74,"column":16}},"loc":{"start":{"line":74,"column":59},"end":{"line":77,"column":7}},"line":74},"2":{"name":"(anonymous_2)","decl":{"start":{"line":78,"column":14},"end":{"line":78,"column":15}},"loc":{"start":{"line":78,"column":58},"end":{"line":81,"column":7}},"line":78},"3":{"name":"useButtonState","decl":{"start":{"line":139,"column":16},"end":{"line":139,"column":30}},"loc":{"start":{"line":139,"column":46},"end":{"line":149,"column":1}},"line":139}},"branchMap":{"0":{"loc":{"start":{"line":34,"column":4},"end":{"line":34,"column":23}},"type":"default-arg","locations":[{"start":{"line":34,"column":14},"end":{"line":34,"column":23}}],"line":34},"1":{"loc":{"start":{"line":35,"column":4},"end":{"line":35,"column":15}},"type":"default-arg","locations":[{"start":{"line":35,"column":11},"end":{"line":35,"column":15}}],"line":35},"2":{"loc":{"start":{"line":36,"column":4},"end":{"line":36,"column":19}},"type":"default-arg","locations":[{"start":{"line":36,"column":14},"end":{"line":36,"column":19}}],"line":36},"3":{"loc":{"start":{"line":48,"column":23},"end":{"line":48,"column":42}},"type":"binary-expr","locations":[{"start":{"line":48,"column":23},"end":{"line":48,"column":31}},{"start":{"line":48,"column":35},"end":{"line":48,"column":42}}],"line":48},"4":{"loc":{"start":{"line":112,"column":9},"end":{"line":116,"column":9}},"type":"binary-expr","locations":[{"start":{"line":112,"column":9},"end":{"line":112,"column":17}},{"start":{"line":113,"column":10},"end":{"line":115,"column":17}}],"line":112},"5":{"loc":{"start":{"line":118,"column":11},"end":{"line":124,"column":11}},"type":"cond-expr","locations":[{"start":{"line":119,"column":12},"end":{"line":121,"column":19}},{"start":{"line":123,"column":12},"end":{"line":123,"column":20}}],"line":118},"6":{"loc":{"start":{"line":126,"column":9},"end":{"line":130,"column":9}},"type":"binary-expr","locations":[{"start":{"line":126,"column":9},"end":{"line":126,"column":18}},{"start":{"line":127,"column":10},"end":{"line":129,"column":17}}],"line":126}},"s":{"0":1,"1":16,"2":16,"3":16,"4":16,"5":16,"6":16,"7":2,"8":2,"9":1,"10":1,"11":16,"12":16,"13":1,"14":0},"f":{"0":16,"1":2,"2":1,"3":0},"b":{"0":[14],"1":[14],"2":[15],"3":[16,15],"4":[16,1],"5":[1,15],"6":[16,1]},"_coverageSchema":"1a1c01bbd47fc00a2c39e90264f33305004495a9","hash":"ecbfccee82eda151f467058b3a208a38d76b89cf"}
,"/Users/mayankgirdhar/Movies/work/headless-ui/packages/@magnora/headlessui-react/src/components/card/card.tsx": {"path":"/Users/mayankgirdhar/Movies/work/headless-ui/packages/@magnora/headlessui-react/src/components/card/card.tsx","statementMap":{"0":{"start":{"line":43,"column":20},"end":{"line":43,"column":64}},"1":{"start":{"line":47,"column":18},"end":{"line":47,"column":41}},"2":{"start":{"line":48,"column":2},"end":{"line":50,"column":3}},"3":{"start":{"line":49,"column":4},"end":{"line":49,"column":75}},"4":{"start":{"line":51,"column":2},"end":{"line":51,"column":16}},"5":{"start":{"line":55,"column":20},"end":{"line":141,"column":1}},"6":{"start":{"line":68,"column":38},"end":{"line":68,"column":59}},"7":{"start":{"line":69,"column":38},"end":{"line":69,"column":59}},"8":{"start":{"line":70,"column":38},"end":{"line":70,"column":59}},"9":{"start":{"line":72,"column":29},"end":{"line":77,"column":35}},"10":{"start":{"line":73,"column":6},"end":{"line":76,"column":7}},"11":{"start":{"line":74,"column":8},"end":{"line":74,"column":26}},"12":{"start":{"line":75,"column":8},"end":{"line":75,"column":29}},"13":{"start":{"line":79,"column":29},"end":{"line":83,"column":22}},"14":{"start":{"line":80,"column":6},"end":{"line":80,"column":25}},"15":{"start":{"line":81,"column":6},"end":{"line":81,"column":25}},"16":{"start":{"line":82,"column":6},"end":{"line":82,"column":27}},"17":{"start":{"line":85,"column":24},"end":{"line":90,"column":30}},"18":{"start":{"line":86,"column":6},"end":{"line":89,"column":7}},"19":{"start":{"line":87,"column":8},"end":{"line":87,"column":26}},"20":{"start":{"line":88,"column":8},"end":{"line":88,"column":24}},"21":{"start":{"line":92,"column":23},"end":{"line":95,"column":16}},"22":{"start":{"line":93,"column":6},"end":{"line":93,"column":25}},"23":{"start":{"line":94,"column":6},"end":{"line":94,"column":21}},"24":{"start":{"line":97,"column":28},"end":{"line":102,"column":34}},"25":{"start":{"line":98,"column":6},"end":{"line":101,"column":7}},"26":{"start":{"line":99,"column":8},"end":{"line":99,"column":26}},"27":{"start":{"line":100,"column":8},"end":{"line":100,"column":28}},"28":{"start":{"line":104,"column":26},"end":{"line":107,"column":19}},"29":{"start":{"line":105,"column":6},"end":{"line":105,"column":25}},"30":{"start":{"line":106,"column":6},"end":{"line":106,"column":24}},"31":{"start":{"line":109,"column":25},"end":{"line":115,"column":64}},"32":{"start":{"line":109,"column":64},"end":{"line":115,"column":5}},"33":{"start":{"line":117,"column":4},"end":{"line":139,"column":5}},"34":{"start":{"line":143,"column":0},"end":{"line":143,"column":25}},"35":{"start":{"line":146,"column":26},"end":{"line":154,"column":1}},"36":{"start":{"line":148,"column":4},"end":{"line":152,"column":5}},"37":{"start":{"line":156,"column":0},"end":{"line":156,"column":37}},"38":{"start":{"line":159,"column":27},"end":{"line":167,"column":1}},"39":{"start":{"line":161,"column":4},"end":{"line":165,"column":5}},"40":{"start":{"line":169,"column":0},"end":{"line":169,"column":39}},"41":{"start":{"line":172,"column":26},"end":{"line":180,"column":1}},"42":{"start":{"line":174,"column":4},"end":{"line":178,"column":5}},"43":{"start":{"line":182,"column":0},"end":{"line":182,"column":37}},"44":{"start":{"line":185,"column":25},"end":{"line":198,"column":1}},"45":{"start":{"line":187,"column":4},"end":{"line":196,"column":5}},"46":{"start":{"line":200,"column":0},"end":{"line":200,"column":35}},"47":{"start":{"line":203,"column":27},"end":{"line":217,"column":1}},"48":{"start":{"line":205,"column":4},"end":{"line":215,"column":5}},"49":{"start":{"line":219,"column":0},"end":{"line":219,"column":39}},"50":{"start":{"line":222,"column":25},"end":{"line":232,"column":1}},"51":{"start":{"line":226,"column":4},"end":{"line":230,"column":5}},"52":{"start":{"line":234,"column":0},"end":{"line":234,"column":35}},"53":{"start":{"line":237,"column":31},"end":{"line":245,"column":1}},"54":{"start":{"line":239,"column":4},"end":{"line":243,"column":5}},"55":{"start":{"line":247,"column":0},"end":{"line":247,"column":47}}},"fnMap":{"0":{"name":"useCard","decl":{"start":{"line":46,"column":16},"end":{"line":46,"column":23}},"loc":{"start":{"line":46,"column":26},"end":{"line":52,"column":1}},"line":46},"1":{"name":"(anonymous_1)","decl":{"start":{"line":56,"column":2},"end":{"line":56,"column":3}},"loc":{"start":{"line":67,"column":13},"end":{"line":140,"column":3}},"line":67},"2":{"name":"(anonymous_2)","decl":{"start":{"line":72,"column":47},"end":{"line":72,"column":48}},"loc":{"start":{"line":72,"column":92},"end":{"line":77,"column":5}},"line":72},"3":{"name":"(anonymous_3)","decl":{"start":{"line":79,"column":47},"end":{"line":79,"column":48}},"loc":{"start":{"line":79,"column":92},"end":{"line":83,"column":5}},"line":79},"4":{"name":"(anonymous_4)","decl":{"start":{"line":85,"column":42},"end":{"line":85,"column":43}},"loc":{"start":{"line":85,"column":87},"end":{"line":90,"column":5}},"line":85},"5":{"name":"(anonymous_5)","decl":{"start":{"line":92,"column":41},"end":{"line":92,"column":42}},"loc":{"start":{"line":92,"column":86},"end":{"line":95,"column":5}},"line":92},"6":{"name":"(anonymous_6)","decl":{"start":{"line":97,"column":46},"end":{"line":97,"column":47}},"loc":{"start":{"line":97,"column":91},"end":{"line":102,"column":5}},"line":97},"7":{"name":"(anonymous_7)","decl":{"start":{"line":104,"column":44},"end":{"line":104,"column":45}},"loc":{"start":{"line":104,"column":89},"end":{"line":107,"column":5}},"line":104},"8":{"name":"(anonymous_8)","decl":{"start":{"line":109,"column":57},"end":{"line":109,"column":58}},"loc":{"start":{"line":109,"column":64},"end":{"line":115,"column":5}},"line":109},"9":{"name":"(anonymous_9)","decl":{"start":{"line":147,"column":2},"end":{"line":147,"column":3}},"loc":{"start":{"line":147,"column":35},"end":{"line":153,"column":3}},"line":147},"10":{"name":"(anonymous_10)","decl":{"start":{"line":160,"column":2},"end":{"line":160,"column":3}},"loc":{"start":{"line":160,"column":35},"end":{"line":166,"column":3}},"line":160},"11":{"name":"(anonymous_11)","decl":{"start":{"line":173,"column":2},"end":{"line":173,"column":3}},"loc":{"start":{"line":173,"column":35},"end":{"line":179,"column":3}},"line":173},"12":{"name":"(anonymous_12)","decl":{"start":{"line":186,"column":2},"end":{"line":186,"column":3}},"loc":{"start":{"line":186,"column":48},"end":{"line":197,"column":3}},"line":186},"13":{"name":"(anonymous_13)","decl":{"start":{"line":204,"column":2},"end":{"line":204,"column":3}},"loc":{"start":{"line":204,"column":54},"end":{"line":216,"column":3}},"line":204},"14":{"name":"(anonymous_14)","decl":{"start":{"line":225,"column":2},"end":{"line":225,"column":3}},"loc":{"start":{"line":225,"column":57},"end":{"line":231,"column":3}},"line":225},"15":{"name":"(anonymous_15)","decl":{"start":{"line":238,"column":2},"end":{"line":238,"column":3}},"loc":{"start":{"line":238,"column":35},"end":{"line":244,"column":3}},"line":238}},"branchMap":{"0":{"loc":{"start":{"line":48,"column":2},"end":{"line":50,"column":3}},"type":"if","locations":[{"start":{"line":48,"column":2},"end":{"line":50,"column":3}},{"start":{},"end":{}}],"line":48},"1":{"loc":{"start":{"line":57,"column":4},"end":{"line":57,"column":23}},"type":"default-arg","locations":[{"start":{"line":57,"column":14},"end":{"line":57,"column":23}}],"line":57},"2":{"loc":{"start":{"line":58,"column":4},"end":{"line":58,"column":23}},"type":"default-arg","locations":[{"start":{"line":58,"column":18},"end":{"line":58,"column":23}}],"line":58},"3":{"loc":{"start":{"line":73,"column":6},"end":{"line":76,"column":7}},"type":"if","locations":[{"start":{"line":73,"column":6},"end":{"line":76,"column":7}},{"start":{},"end":{}}],"line":73},"4":{"loc":{"start":{"line":86,"column":6},"end":{"line":89,"column":7}},"type":"if","locations":[{"start":{"line":86,"column":6},"end":{"line":89,"column":7}},{"start":{},"end":{}}],"line":86},"5":{"loc":{"start":{"line":98,"column":6},"end":{"line":101,"column":7}},"type":"if","locations":[{"start":{"line":98,"column":6},"end":{"line":101,"column":7}},{"start":{},"end":{}}],"line":98},"6":{"loc":{"start":{"line":126,"column":20},"end":{"line":126,"column":47}},"type":"cond-expr","locations":[{"start":{"line":126,"column":34},"end":{"line":126,"column":35}},{"start":{"line":126,"column":38},"end":{"line":126,"column":47}}],"line":126},"7":{"loc":{"start":{"line":127,"column":16},"end":{"line":127,"column":50}},"type":"cond-expr","locations":[{"start":{"line":127,"column":30},"end":{"line":127,"column":38}},{"start":{"line":127,"column":41},"end":{"line":127,"column":50}}],"line":127},"8":{"loc":{"start":{"line":204,"column":5},"end":{"line":204,"column":22}},"type":"default-arg","locations":[{"start":{"line":204,"column":15},"end":{"line":204,"column":22}}],"line":204},"9":{"loc":{"start":{"line":225,"column":9},"end":{"line":225,"column":25}},"type":"default-arg","locations":[{"start":{"line":225,"column":21},"end":{"line":225,"column":25}}],"line":225}},"s":{"0":0,"1":0,"2":0,"3":0,"4":0,"5":0,"6":0,"7":0,"8":0,"9":0,"10":0,"11":0,"12":0,"13":0,"14":0,"15":0,"16":0,"17":0,"18":0,"19":0,"20":0,"21":0,"22":0,"23":0,"24":0,"25":0,"26":0,"27":0,"28":0,"29":0,"30":0,"31":0,"32":0,"33":0,"34":0,"35":0,"36":0,"37":0,"38":0,"39":0,"40":0,"41":0,"42":0,"43":0,"44":0,"45":0,"46":0,"47":0,"48":0,"49":0,"50":0,"51":0,"52":0,"53":0,"54":0,"55":0},"f":{"0":0,"1":0,"2":0,"3":0,"4":0,"5":0,"6":0,"7":0,"8":0,"9":0,"10":0,"11":0,"12":0,"13":0,"14":0,"15":0},"b":{"0":[0,0],"1":[0],"2":[0],"3":[0,0],"4":[0,0],"5":[0,0],"6":[0,0],"7":[0,0],"8":[0],"9":[0]}}
,"/Users/mayankgirdhar/Movies/work/headless-ui/packages/@magnora/headlessui-react/src/components/rating/rating.tsx": {"path":"/Users/mayankgirdhar/Movies/work/headless-ui/packages/@magnora/headlessui-react/src/components/rating/rating.tsx","statementMap":{"0":{"start":{"line":55,"column":22},"end":{"line":55,"column":68}},"1":{"start":{"line":59,"column":18},"end":{"line":59,"column":43}},"2":{"start":{"line":60,"column":2},"end":{"line":62,"column":3}},"3":{"start":{"line":61,"column":4},"end":{"line":61,"column":79}},"4":{"start":{"line":63,"column":2},"end":{"line":63,"column":16}},"5":{"start":{"line":67,"column":22},"end":{"line":121,"column":1}},"6":{"start":{"line":79,"column":44},"end":{"line":79,"column":79}},"7":{"start":{"line":81,"column":28},"end":{"line":85,"column":27}},"8":{"start":{"line":82,"column":6},"end":{"line":82,"column":26}},"9":{"start":{"line":82,"column":20},"end":{"line":82,"column":26}},"10":{"start":{"line":83,"column":6},"end":{"line":83,"column":29}},"11":{"start":{"line":84,"column":6},"end":{"line":84,"column":23}},"12":{"start":{"line":87,"column":29},"end":{"line":91,"column":27}},"13":{"start":{"line":88,"column":6},"end":{"line":88,"column":26}},"14":{"start":{"line":88,"column":20},"end":{"line":88,"column":26}},"15":{"start":{"line":89,"column":6},"end":{"line":89,"column":27}},"16":{"start":{"line":90,"column":6},"end":{"line":90,"column":17}},"17":{"start":{"line":93,"column":25},"end":{"line":102,"column":107}},"18":{"start":{"line":93,"column":60},"end":{"line":102,"column":5}},"19":{"start":{"line":104,"column":4},"end":{"line":119,"column":5}},"20":{"start":{"line":123,"column":0},"end":{"line":123,"column":29}},"21":{"start":{"line":126,"column":29},"end":{"line":149,"column":1}},"22":{"start":{"line":128,"column":25},"end":{"line":134,"column":38}},"23":{"start":{"line":128,"column":60},"end":{"line":134,"column":5}},"24":{"start":{"line":136,"column":4},"end":{"line":147,"column":5}},"25":{"start":{"line":151,"column":0},"end":{"line":151,"column":43}},"26":{"start":{"line":154,"column":20},"end":{"line":235,"column":1}},"27":{"start":{"line":156,"column":20},"end":{"line":156,"column":31}},"28":{"start":{"line":157,"column":85},"end":{"line":157,"column":92}},"29":{"start":{"line":159,"column":24},"end":{"line":164,"column":44}},"30":{"start":{"line":160,"column":6},"end":{"line":160,"column":26}},"31":{"start":{"line":160,"column":20},"end":{"line":160,"column":26}},"32":{"start":{"line":161,"column":21},"end":{"line":161,"column":30}},"33":{"start":{"line":162,"column":6},"end":{"line":162,"column":24}},"34":{"start":{"line":163,"column":6},"end":{"line":163,"column":23}},"35":{"start":{"line":166,"column":29},"end":{"line":171,"column":55}},"36":{"start":{"line":167,"column":6},"end":{"line":167,"column":26}},"37":{"start":{"line":167,"column":20},"end":{"line":167,"column":26}},"38":{"start":{"line":168,"column":21},"end":{"line":168,"column":30}},"39":{"start":{"line":169,"column":6},"end":{"line":169,"column":30}},"40":{"start":{"line":170,"column":6},"end":{"line":170,"column":28}},"41":{"start":{"line":173,"column":27},"end":{"line":177,"column":46}},"42":{"start":{"line":174,"column":6},"end":{"line":174,"column":26}},"43":{"start":{"line":174,"column":20},"end":{"line":174,"column":26}},"44":{"start":{"line":175,"column":6},"end":{"line":175,"column":24}},"45":{"start":{"line":176,"column":6},"end":{"line":176,"column":20}},"46":{"start":{"line":179,"column":27},"end":{"line":193,"column":24}},"47":{"start":{"line":180,"column":49},"end":{"line":180,"column":56}},"48":{"start":{"line":181,"column":27},"end":{"line":181,"column":48}},"49":{"start":{"line":182,"column":24},"end":{"line":182,"column":33}},"50":{"start":{"line":184,"column":6},"end":{"line":184,"column":47}},"51":{"start":{"line":184,"column":37},"end":{"line":184,"column":47}},"52":{"start":{"line":185,"column":6},"end":{"line":185,"column":44}},"53":{"start":{"line":185,"column":36},"end":{"line":185,"column":44}},"54":{"start":{"line":187,"column":6},"end":{"line":190,"column":7}},"55":{"start":{"line":188,"column":26},"end":{"line":188,"column":46}},"56":{"start":{"line":189,"column":8},"end":{"line":189,"column":40}},"57":{"start":{"line":192,"column":6},"end":{"line":192,"column":53}},"58":{"start":{"line":196,"column":27},"end":{"line":200,"column":6}},"59":{"start":{"line":202,"column":27},"end":{"line":205,"column":6}},"60":{"start":{"line":207,"column":4},"end":{"line":218,"column":5}},"61":{"start":{"line":208,"column":6},"end":{"line":217,"column":7}},"62":{"start":{"line":220,"column":4},"end":{"line":233,"column":5}},"63":{"start":{"line":237,"column":0},"end":{"line":237,"column":25}},"64":{"start":{"line":244,"column":21},"end":{"line":271,"column":1}},"65":{"start":{"line":246,"column":58},"end":{"line":246,"column":69}},"66":{"start":{"line":247,"column":25},"end":{"line":247,"column":46}},"67":{"start":{"line":249,"column":4},"end":{"line":269,"column":5}},"68":{"start":{"line":252,"column":28},"end":{"line":252,"column":37}},"69":{"start":{"line":253,"column":25},"end":{"line":253,"column":50}},"70":{"start":{"line":254,"column":29},"end":{"line":256,"column":36}},"71":{"start":{"line":258,"column":10},"end":{"line":260,"column":11}},"72":{"start":{"line":259,"column":12},"end":{"line":259,"column":58}},"73":{"start":{"line":262,"column":10},"end":{"line":266,"column":11}},"74":{"start":{"line":273,"column":0},"end":{"line":273,"column":27}},"75":{"start":{"line":282,"column":27},"end":{"line":292,"column":1}},"76":{"start":{"line":284,"column":4},"end":{"line":284,"column":48}},"77":{"start":{"line":284,"column":37},"end":{"line":284,"column":48}},"78":{"start":{"line":286,"column":4},"end":{"line":290,"column":5}},"79":{"start":{"line":294,"column":0},"end":{"line":294,"column":39}}},"fnMap":{"0":{"name":"useRating","decl":{"start":{"line":58,"column":16},"end":{"line":58,"column":25}},"loc":{"start":{"line":58,"column":28},"end":{"line":64,"column":1}},"line":58},"1":{"name":"(anonymous_1)","decl":{"start":{"line":68,"column":2},"end":{"line":68,"column":3}},"loc":{"start":{"line":78,"column":13},"end":{"line":120,"column":3}},"line":78},"2":{"name":"(anonymous_2)","decl":{"start":{"line":81,"column":46},"end":{"line":81,"column":47}},"loc":{"start":{"line":81,"column":66},"end":{"line":85,"column":5}},"line":81},"3":{"name":"(anonymous_3)","decl":{"start":{"line":87,"column":47},"end":{"line":87,"column":48}},"loc":{"start":{"line":87,"column":53},"end":{"line":91,"column":5}},"line":87},"4":{"name":"(anonymous_4)","decl":{"start":{"line":93,"column":53},"end":{"line":93,"column":54}},"loc":{"start":{"line":93,"column":60},"end":{"line":102,"column":5}},"line":93},"5":{"name":"(anonymous_5)","decl":{"start":{"line":127,"column":2},"end":{"line":127,"column":3}},"loc":{"start":{"line":127,"column":91},"end":{"line":148,"column":3}},"line":127},"6":{"name":"(anonymous_6)","decl":{"start":{"line":128,"column":53},"end":{"line":128,"column":54}},"loc":{"start":{"line":128,"column":60},"end":{"line":134,"column":5}},"line":128},"7":{"name":"(anonymous_7)","decl":{"start":{"line":155,"column":2},"end":{"line":155,"column":3}},"loc":{"start":{"line":155,"column":105},"end":{"line":234,"column":3}},"line":155},"8":{"name":"(anonymous_8)","decl":{"start":{"line":159,"column":42},"end":{"line":159,"column":43}},"loc":{"start":{"line":159,"column":48},"end":{"line":164,"column":5}},"line":159},"9":{"name":"(anonymous_9)","decl":{"start":{"line":166,"column":47},"end":{"line":166,"column":48}},"loc":{"start":{"line":166,"column":53},"end":{"line":171,"column":5}},"line":166},"10":{"name":"(anonymous_10)","decl":{"start":{"line":173,"column":45},"end":{"line":173,"column":46}},"loc":{"start":{"line":173,"column":51},"end":{"line":177,"column":5}},"line":173},"11":{"name":"(anonymous_11)","decl":{"start":{"line":179,"column":35},"end":{"line":179,"column":36}},"loc":{"start":{"line":179,"column":41},"end":{"line":193,"column":5}},"line":179},"12":{"name":"(anonymous_12)","decl":{"start":{"line":245,"column":2},"end":{"line":245,"column":3}},"loc":{"start":{"line":245,"column":35},"end":{"line":270,"column":3}},"line":245},"13":{"name":"(anonymous_13)","decl":{"start":{"line":251,"column":43},"end":{"line":251,"column":44}},"loc":{"start":{"line":251,"column":57},"end":{"line":267,"column":9}},"line":251},"14":{"name":"(anonymous_14)","decl":{"start":{"line":283,"column":2},"end":{"line":283,"column":3}},"loc":{"start":{"line":283,"column":67},"end":{"line":291,"column":3}},"line":283}},"branchMap":{"0":{"loc":{"start":{"line":60,"column":2},"end":{"line":62,"column":3}},"type":"if","locations":[{"start":{"line":60,"column":2},"end":{"line":62,"column":3}},{"start":{},"end":{}}],"line":60},"1":{"loc":{"start":{"line":70,"column":4},"end":{"line":70,"column":17}},"type":"default-arg","locations":[{"start":{"line":70,"column":16},"end":{"line":70,"column":17}}],"line":70},"2":{"loc":{"start":{"line":74,"column":4},"end":{"line":74,"column":20}},"type":"default-arg","locations":[{"start":{"line":74,"column":15},"end":{"line":74,"column":20}}],"line":74},"3":{"loc":{"start":{"line":75,"column":4},"end":{"line":75,"column":22}},"type":"default-arg","locations":[{"start":{"line":75,"column":16},"end":{"line":75,"column":22}}],"line":75},"4":{"loc":{"start":{"line":82,"column":6},"end":{"line":82,"column":26}},"type":"if","locations":[{"start":{"line":82,"column":6},"end":{"line":82,"column":26}},{"start":{},"end":{}}],"line":82},"5":{"loc":{"start":{"line":88,"column":6},"end":{"line":88,"column":26}},"type":"if","locations":[{"start":{"line":88,"column":6},"end":{"line":88,"column":26}},{"start":{},"end":{}}],"line":88},"6":{"loc":{"start":{"line":108,"column":16},"end":{"line":108,"column":43}},"type":"cond-expr","locations":[{"start":{"line":108,"column":27},"end":{"line":108,"column":32}},{"start":{"line":108,"column":35},"end":{"line":108,"column":43}}],"line":108},"7":{"loc":{"start":{"line":109,"column":22},"end":{"line":109,"column":103}},"type":"cond-expr","locations":[{"start":{"line":109,"column":33},"end":{"line":109,"column":71}},{"start":{"line":109,"column":74},"end":{"line":109,"column":103}}],"line":109},"8":{"loc":{"start":{"line":110,"column":25},"end":{"line":110,"column":53}},"type":"cond-expr","locations":[{"start":{"line":110,"column":36},"end":{"line":110,"column":45}},{"start":{"line":110,"column":48},"end":{"line":110,"column":53}}],"line":110},"9":{"loc":{"start":{"line":111,"column":25},"end":{"line":111,"column":49}},"type":"cond-expr","locations":[{"start":{"line":111,"column":36},"end":{"line":111,"column":45}},{"start":{"line":111,"column":48},"end":{"line":111,"column":49}}],"line":111},"10":{"loc":{"start":{"line":112,"column":25},"end":{"line":112,"column":57}},"type":"cond-expr","locations":[{"start":{"line":112,"column":36},"end":{"line":112,"column":45}},{"start":{"line":112,"column":48},"end":{"line":112,"column":57}}],"line":112},"11":{"loc":{"start":{"line":127,"column":26},"end":{"line":127,"column":39}},"type":"default-arg","locations":[{"start":{"line":127,"column":38},"end":{"line":127,"column":39}}],"line":127},"12":{"loc":{"start":{"line":127,"column":41},"end":{"line":127,"column":59}},"type":"default-arg","locations":[{"start":{"line":127,"column":53},"end":{"line":127,"column":59}}],"line":127},"13":{"loc":{"start":{"line":141,"column":61},"end":{"line":141,"column":109}},"type":"cond-expr","locations":[{"start":{"line":141,"column":76},"end":{"line":141,"column":104}},{"start":{"line":141,"column":107},"end":{"line":141,"column":109}}],"line":141},"14":{"loc":{"start":{"line":155,"column":13},"end":{"line":155,"column":31}},"type":"default-arg","locations":[{"start":{"line":155,"column":26},"end":{"line":155,"column":31}}],"line":155},"15":{"loc":{"start":{"line":160,"column":6},"end":{"line":160,"column":26}},"type":"if","locations":[{"start":{"line":160,"column":6},"end":{"line":160,"column":26}},{"start":{},"end":{}}],"line":160},"16":{"loc":{"start":{"line":167,"column":6},"end":{"line":167,"column":26}},"type":"if","locations":[{"start":{"line":167,"column":6},"end":{"line":167,"column":26}},{"start":{},"end":{}}],"line":167},"17":{"loc":{"start":{"line":174,"column":6},"end":{"line":174,"column":26}},"type":"if","locations":[{"start":{"line":174,"column":6},"end":{"line":174,"column":26}},{"start":{},"end":{}}],"line":174},"18":{"loc":{"start":{"line":181,"column":27},"end":{"line":181,"column":48}},"type":"binary-expr","locations":[{"start":{"line":181,"column":27},"end":{"line":181,"column":39}},{"start":{"line":181,"column":43},"end":{"line":181,"column":48}}],"line":181},"19":{"loc":{"start":{"line":184,"column":6},"end":{"line":184,"column":47}},"type":"if","locations":[{"start":{"line":184,"column":6},"end":{"line":184,"column":47}},{"start":{},"end":{}}],"line":184},"20":{"loc":{"start":{"line":185,"column":6},"end":{"line":185,"column":44}},"type":"if","locations":[{"start":{"line":185,"column":6},"end":{"line":185,"column":44}},{"start":{},"end":{}}],"line":185},"21":{"loc":{"start":{"line":187,"column":6},"end":{"line":190,"column":7}},"type":"if","locations":[{"start":{"line":187,"column":6},"end":{"line":190,"column":7}},{"start":{},"end":{}}],"line":187},"22":{"loc":{"start":{"line":189,"column":15},"end":{"line":189,"column":40}},"type":"cond-expr","locations":[{"start":{"line":189,"column":34},"end":{"line":189,"column":36}},{"start":{"line":189,"column":39},"end":{"line":189,"column":40}}],"line":189},"23":{"loc":{"start":{"line":207,"column":4},"end":{"line":218,"column":5}},"type":"if","locations":[{"start":{"line":207,"column":4},"end":{"line":218,"column":5}},{"start":{},"end":{}}],"line":207},"24":{"loc":{"start":{"line":247,"column":25},"end":{"line":247,"column":46}},"type":"binary-expr","locations":[{"start":{"line":247,"column":25},"end":{"line":247,"column":37}},{"start":{"line":247,"column":41},"end":{"line":247,"column":46}}],"line":247},"25":{"loc":{"start":{"line":254,"column":29},"end":{"line":256,"column":36}},"type":"binary-expr","locations":[{"start":{"line":254,"column":29},"end":{"line":254,"column":49}},{"start":{"line":255,"column":12},"end":{"line":255,"column":39}},{"start":{"line":256,"column":12},"end":{"line":256,"column":36}}],"line":254},"26":{"loc":{"start":{"line":258,"column":10},"end":{"line":260,"column":11}},"type":"if","locations":[{"start":{"line":258,"column":10},"end":{"line":260,"column":11}},{"start":{},"end":{}}],"line":258},"27":{"loc":{"start":{"line":283,"column":19},"end":{"line":283,"column":35}},"type":"default-arg","locations":[{"start":{"line":283,"column":31},"end":{"line":283,"column":35}}],"line":283},"28":{"loc":{"start":{"line":284,"column":4},"end":{"line":284,"column":48}},"type":"if","locations":[{"start":{"line":284,"column":4},"end":{"line":284,"column":48}},{"start":{},"end":{}}],"line":284},"29":{"loc":{"start":{"line":284,"column":8},"end":{"line":284,"column":35}},"type":"binary-expr","locations":[{"start":{"line":284,"column":8},"end":{"line":284,"column":18}},{"start":{"line":284,"column":22},"end":{"line":284,"column":35}}],"line":284},"30":{"loc":{"start":{"line":288,"column":9},"end":{"line":288,"column":64}},"type":"cond-expr","locations":[{"start":{"line":288,"column":20},"end":{"line":288,"column":42}},{"start":{"line":288,"column":45},"end":{"line":288,"column":64}}],"line":288}},"s":{"0":1,"1":49,"2":49,"3":0,"4":49,"5":1,"6":4,"7":4,"8":0,"9":0,"10":0,"11":0,"12":4,"13":0,"14":0,"15":0,"16":0,"17":4,"18":4,"19":4,"20":1,"21":1,"22":6,"23":6,"24":6,"25":1,"26":1,"27":42,"28":42,"29":42,"30":1,"31":0,"32":1,"33":1,"34":1,"35":42,"36":0,"37":0,"38":0,"39":0,"40":0,"41":42,"42":0,"43":0,"44":0,"45":0,"46":42,"47":40,"48":40,"49":40,"50":40,"51":23,"52":17,"53":17,"54":0,"55":0,"56":0,"57":0,"58":42,"59":42,"60":42,"61":15,"62":27,"63":1,"64":1,"65":7,"66":7,"67":7,"68":40,"69":40,"70":40,"71":40,"72":10,"73":30,"74":1,"75":1,"76":3,"77":1,"78":2,"79":1},"f":{"0":49,"1":4,"2":0,"3":0,"4":4,"5":6,"6":6,"7":42,"8":1,"9":0,"10":0,"11":40,"12":7,"13":40,"14":3},"b":{"0":[0,49],"1":[3],"2":[4],"3":[4],"4":[0,0],"5":[0,0],"6":[0,4],"7":[0,4],"8":[0,4],"9":[0,4],"10":[0,4],"11":[6],"12":[5],"13":[1,5],"14":[0],"15":[0,1],"16":[0,0],"17":[0,0],"18":[40,40],"19":[23,17],"20":[17,0],"21":[0,0],"22":[0,0],"23":[15,27],"24":[7,7],"25":[40,15,13],"26":[10,30],"27":[2],"28":[1,2],"29":[3,2],"30":[1,1]},"_coverageSchema":"1a1c01bbd47fc00a2c39e90264f33305004495a9","hash":"ea2d0111a1820f275a20f90568e3dc977f3e7f63"}
,"/Users/mayankgirdhar/Movies/work/headless-ui/packages/@magnora/headlessui-react/src/components/review/review.tsx": {"path":"/Users/mayankgirdhar/Movies/work/headless-ui/packages/@magnora/headlessui-react/src/components/review/review.tsx","statementMap":{"0":{"start":{"line":59,"column":22},"end":{"line":59,"column":68}},"1":{"start":{"line":63,"column":18},"end":{"line":63,"column":43}},"2":{"start":{"line":64,"column":2},"end":{"line":66,"column":3}},"3":{"start":{"line":65,"column":4},"end":{"line":65,"column":79}},"4":{"start":{"line":67,"column":2},"end":{"line":67,"column":16}},"5":{"start":{"line":71,"column":22},"end":{"line":93,"column":1}},"6":{"start":{"line":73,"column":25},"end":{"line":75,"column":17}},"7":{"start":{"line":73,"column":46},"end":{"line":75,"column":5}},"8":{"start":{"line":77,"column":4},"end":{"line":91,"column":5}},"9":{"start":{"line":95,"column":0},"end":{"line":95,"column":29}},"10":{"start":{"line":98,"column":28},"end":{"line":118,"column":1}},"11":{"start":{"line":100,"column":23},"end":{"line":100,"column":34}},"12":{"start":{"line":101,"column":22},"end":{"line":101,"column":49}},"13":{"start":{"line":102,"column":22},"end":{"line":102,"column":59}},"14":{"start":{"line":104,"column":4},"end":{"line":116,"column":5}},"15":{"start":{"line":120,"column":0},"end":{"line":120,"column":41}},"16":{"start":{"line":123,"column":28},"end":{"line":138,"column":1}},"17":{"start":{"line":125,"column":23},"end":{"line":125,"column":34}},"18":{"start":{"line":127,"column":4},"end":{"line":136,"column":5}},"19":{"start":{"line":140,"column":0},"end":{"line":140,"column":41}},"20":{"start":{"line":143,"column":27},"end":{"line":155,"column":1}},"21":{"start":{"line":145,"column":23},"end":{"line":145,"column":34}},"22":{"start":{"line":147,"column":4},"end":{"line":147,"column":47}},"23":{"start":{"line":147,"column":36},"end":{"line":147,"column":47}},"24":{"start":{"line":149,"column":4},"end":{"line":153,"column":5}},"25":{"start":{"line":157,"column":0},"end":{"line":157,"column":39}},"26":{"start":{"line":160,"column":29},"end":{"line":170,"column":1}},"27":{"start":{"line":162,"column":23},"end":{"line":162,"column":34}},"28":{"start":{"line":164,"column":4},"end":{"line":168,"column":5}},"29":{"start":{"line":172,"column":0},"end":{"line":172,"column":43}},"30":{"start":{"line":175,"column":26},"end":{"line":193,"column":1}},"31":{"start":{"line":179,"column":23},"end":{"line":179,"column":34}},"32":{"start":{"line":180,"column":26},"end":{"line":180,"column":89}},"33":{"start":{"line":182,"column":4},"end":{"line":191,"column":5}},"34":{"start":{"line":195,"column":0},"end":{"line":195,"column":37}},"35":{"start":{"line":198,"column":28},"end":{"line":215,"column":1}},"36":{"start":{"line":200,"column":23},"end":{"line":200,"column":34}},"37":{"start":{"line":202,"column":4},"end":{"line":213,"column":5}},"38":{"start":{"line":217,"column":0},"end":{"line":217,"column":41}},"39":{"start":{"line":220,"column":26},"end":{"line":228,"column":1}},"40":{"start":{"line":222,"column":4},"end":{"line":226,"column":5}},"41":{"start":{"line":230,"column":0},"end":{"line":230,"column":37}},"42":{"start":{"line":233,"column":29},"end":{"line":241,"column":1}},"43":{"start":{"line":235,"column":4},"end":{"line":239,"column":5}},"44":{"start":{"line":243,"column":0},"end":{"line":243,"column":43}},"45":{"start":{"line":246,"column":27},"end":{"line":270,"column":1}},"46":{"start":{"line":248,"column":23},"end":{"line":248,"column":34}},"47":{"start":{"line":250,"column":4},"end":{"line":250,"column":42}},"48":{"start":{"line":250,"column":31},"end":{"line":250,"column":42}},"49":{"start":{"line":252,"column":4},"end":{"line":268,"column":5}},"50":{"start":{"line":257,"column":14},"end":{"line":263,"column":20}},"51":{"start":{"line":272,"column":0},"end":{"line":272,"column":39}},"52":{"start":{"line":275,"column":35},"end":{"line":299,"column":1}},"53":{"start":{"line":279,"column":23},"end":{"line":279,"column":34}},"54":{"start":{"line":281,"column":24},"end":{"line":284,"column":39}},"55":{"start":{"line":282,"column":6},"end":{"line":282,"column":28}},"56":{"start":{"line":283,"column":6},"end":{"line":283,"column":22}},"57":{"start":{"line":286,"column":4},"end":{"line":297,"column":5}},"58":{"start":{"line":301,"column":0},"end":{"line":301,"column":55}},"59":{"start":{"line":304,"column":35},"end":{"line":321,"column":1}},"60":{"start":{"line":306,"column":23},"end":{"line":306,"column":34}},"61":{"start":{"line":308,"column":4},"end":{"line":308,"column":37}},"62":{"start":{"line":308,"column":26},"end":{"line":308,"column":37}},"63":{"start":{"line":310,"column":4},"end":{"line":319,"column":5}},"64":{"start":{"line":323,"column":0},"end":{"line":323,"column":55}}},"fnMap":{"0":{"name":"useReview","decl":{"start":{"line":62,"column":16},"end":{"line":62,"column":25}},"loc":{"start":{"line":62,"column":28},"end":{"line":68,"column":1}},"line":62},"1":{"name":"(anonymous_1)","decl":{"start":{"line":72,"column":2},"end":{"line":72,"column":3}},"loc":{"start":{"line":72,"column":43},"end":{"line":92,"column":3}},"line":72},"2":{"name":"(anonymous_2)","decl":{"start":{"line":73,"column":39},"end":{"line":73,"column":40}},"loc":{"start":{"line":73,"column":46},"end":{"line":75,"column":5}},"line":73},"3":{"name":"(anonymous_3)","decl":{"start":{"line":99,"column":2},"end":{"line":99,"column":3}},"loc":{"start":{"line":99,"column":45},"end":{"line":117,"column":3}},"line":99},"4":{"name":"(anonymous_4)","decl":{"start":{"line":124,"column":2},"end":{"line":124,"column":3}},"loc":{"start":{"line":124,"column":35},"end":{"line":137,"column":3}},"line":124},"5":{"name":"(anonymous_5)","decl":{"start":{"line":144,"column":2},"end":{"line":144,"column":3}},"loc":{"start":{"line":144,"column":35},"end":{"line":154,"column":3}},"line":144},"6":{"name":"(anonymous_6)","decl":{"start":{"line":161,"column":2},"end":{"line":161,"column":3}},"loc":{"start":{"line":161,"column":35},"end":{"line":169,"column":3}},"line":161},"7":{"name":"(anonymous_7)","decl":{"start":{"line":178,"column":2},"end":{"line":178,"column":3}},"loc":{"start":{"line":178,"column":43},"end":{"line":192,"column":3}},"line":178},"8":{"name":"(anonymous_8)","decl":{"start":{"line":199,"column":2},"end":{"line":199,"column":3}},"loc":{"start":{"line":199,"column":35},"end":{"line":214,"column":3}},"line":199},"9":{"name":"(anonymous_9)","decl":{"start":{"line":221,"column":2},"end":{"line":221,"column":3}},"loc":{"start":{"line":221,"column":35},"end":{"line":227,"column":3}},"line":221},"10":{"name":"(anonymous_10)","decl":{"start":{"line":234,"column":2},"end":{"line":234,"column":3}},"loc":{"start":{"line":234,"column":35},"end":{"line":240,"column":3}},"line":234},"11":{"name":"(anonymous_11)","decl":{"start":{"line":247,"column":2},"end":{"line":247,"column":3}},"loc":{"start":{"line":247,"column":35},"end":{"line":269,"column":3}},"line":247},"12":{"name":"(anonymous_12)","decl":{"start":{"line":256,"column":30},"end":{"line":256,"column":31}},"loc":{"start":{"line":257,"column":14},"end":{"line":263,"column":20}},"line":257},"13":{"name":"(anonymous_13)","decl":{"start":{"line":278,"column":2},"end":{"line":278,"column":3}},"loc":{"start":{"line":278,"column":55},"end":{"line":298,"column":3}},"line":278},"14":{"name":"(anonymous_14)","decl":{"start":{"line":281,"column":42},"end":{"line":281,"column":43}},"loc":{"start":{"line":281,"column":90},"end":{"line":284,"column":5}},"line":281},"15":{"name":"(anonymous_15)","decl":{"start":{"line":305,"column":2},"end":{"line":305,"column":3}},"loc":{"start":{"line":305,"column":35},"end":{"line":320,"column":3}},"line":305}},"branchMap":{"0":{"loc":{"start":{"line":64,"column":2},"end":{"line":66,"column":3}},"type":"if","locations":[{"start":{"line":64,"column":2},"end":{"line":66,"column":3}},{"start":{},"end":{}}],"line":64},"1":{"loc":{"start":{"line":101,"column":22},"end":{"line":101,"column":49}},"type":"binary-expr","locations":[{"start":{"line":101,"column":22},"end":{"line":101,"column":25}},{"start":{"line":101,"column":29},"end":{"line":101,"column":49}}],"line":101},"2":{"loc":{"start":{"line":102,"column":22},"end":{"line":102,"column":59}},"type":"binary-expr","locations":[{"start":{"line":102,"column":22},"end":{"line":102,"column":25}},{"start":{"line":102,"column":29},"end":{"line":102,"column":59}}],"line":102},"3":{"loc":{"start":{"line":106,"column":9},"end":{"line":114,"column":9}},"type":"cond-expr","locations":[{"start":{"line":107,"column":10},"end":{"line":107,"column":18}},{"start":{"line":108,"column":12},"end":{"line":114,"column":9}}],"line":106},"4":{"loc":{"start":{"line":108,"column":12},"end":{"line":114,"column":9}},"type":"cond-expr","locations":[{"start":{"line":109,"column":10},"end":{"line":109,"column":49}},{"start":{"line":111,"column":10},"end":{"line":113,"column":17}}],"line":108},"5":{"loc":{"start":{"line":134,"column":9},"end":{"line":134,"column":39}},"type":"binary-expr","locations":[{"start":{"line":134,"column":9},"end":{"line":134,"column":17}},{"start":{"line":134,"column":21},"end":{"line":134,"column":39}}],"line":134},"6":{"loc":{"start":{"line":147,"column":4},"end":{"line":147,"column":47}},"type":"if","locations":[{"start":{"line":147,"column":4},"end":{"line":147,"column":47}},{"start":{},"end":{}}],"line":147},"7":{"loc":{"start":{"line":147,"column":8},"end":{"line":147,"column":34}},"type":"binary-expr","locations":[{"start":{"line":147,"column":8},"end":{"line":147,"column":21}},{"start":{"line":147,"column":25},"end":{"line":147,"column":34}}],"line":147},"8":{"loc":{"start":{"line":151,"column":9},"end":{"line":151,"column":33}},"type":"binary-expr","locations":[{"start":{"line":151,"column":9},"end":{"line":151,"column":17}},{"start":{"line":151,"column":21},"end":{"line":151,"column":33}}],"line":151},"9":{"loc":{"start":{"line":166,"column":9},"end":{"line":166,"column":35}},"type":"binary-expr","locations":[{"start":{"line":166,"column":9},"end":{"line":166,"column":17}},{"start":{"line":166,"column":21},"end":{"line":166,"column":35}}],"line":166},"10":{"loc":{"start":{"line":180,"column":26},"end":{"line":180,"column":89}},"type":"cond-expr","locations":[{"start":{"line":180,"column":35},"end":{"line":180,"column":54}},{"start":{"line":180,"column":57},"end":{"line":180,"column":89}}],"line":180},"11":{"loc":{"start":{"line":189,"column":9},"end":{"line":189,"column":34}},"type":"binary-expr","locations":[{"start":{"line":189,"column":9},"end":{"line":189,"column":17}},{"start":{"line":189,"column":21},"end":{"line":189,"column":34}}],"line":189},"12":{"loc":{"start":{"line":250,"column":4},"end":{"line":250,"column":42}},"type":"if","locations":[{"start":{"line":250,"column":4},"end":{"line":250,"column":42}},{"start":{},"end":{}}],"line":250},"13":{"loc":{"start":{"line":254,"column":9},"end":{"line":266,"column":9}},"type":"cond-expr","locations":[{"start":{"line":254,"column":20},"end":{"line":254,"column":42}},{"start":{"line":255,"column":10},"end":{"line":265,"column":16}}],"line":254},"14":{"loc":{"start":{"line":258,"column":17},"end":{"line":262,"column":17}},"type":"cond-expr","locations":[{"start":{"line":259,"column":18},"end":{"line":259,"column":86}},{"start":{"line":261,"column":18},"end":{"line":261,"column":95}}],"line":258},"15":{"loc":{"start":{"line":259,"column":43},"end":{"line":259,"column":82}},"type":"binary-expr","locations":[{"start":{"line":259,"column":43},"end":{"line":259,"column":51}},{"start":{"line":259,"column":55},"end":{"line":259,"column":82}}],"line":259},"16":{"loc":{"start":{"line":261,"column":52},"end":{"line":261,"column":91}},"type":"binary-expr","locations":[{"start":{"line":261,"column":52},"end":{"line":261,"column":60}},{"start":{"line":261,"column":64},"end":{"line":261,"column":91}}],"line":261},"17":{"loc":{"start":{"line":291,"column":45},"end":{"line":291,"column":115}},"type":"cond-expr","locations":[{"start":{"line":291,"column":62},"end":{"line":291,"column":110}},{"start":{"line":291,"column":113},"end":{"line":291,"column":115}}],"line":291},"18":{"loc":{"start":{"line":295,"column":9},"end":{"line":295,"column":77}},"type":"binary-expr","locations":[{"start":{"line":295,"column":9},"end":{"line":295,"column":17}},{"start":{"line":295,"column":21},"end":{"line":295,"column":77}}],"line":295},"19":{"loc":{"start":{"line":295,"column":31},"end":{"line":295,"column":75}},"type":"cond-expr","locations":[{"start":{"line":295,"column":48},"end":{"line":295,"column":70}},{"start":{"line":295,"column":73},"end":{"line":295,"column":75}}],"line":295},"20":{"loc":{"start":{"line":308,"column":4},"end":{"line":308,"column":37}},"type":"if","locations":[{"start":{"line":308,"column":4},"end":{"line":308,"column":37}},{"start":{},"end":{}}],"line":308},"21":{"loc":{"start":{"line":317,"column":9},"end":{"line":317,"column":40}},"type":"binary-expr","locations":[{"start":{"line":317,"column":9},"end":{"line":317,"column":17}},{"start":{"line":317,"column":21},"end":{"line":317,"column":40}}],"line":317}},"s":{"0":0,"1":0,"2":0,"3":0,"4":0,"5":0,"6":0,"7":0,"8":0,"9":0,"10":0,"11":0,"12":0,"13":0,"14":0,"15":0,"16":0,"17":0,"18":0,"19":0,"20":0,"21":0,"22":0,"23":0,"24":0,"25":0,"26":0,"27":0,"28":0,"29":0,"30":0,"31":0,"32":0,"33":0,"34":0,"35":0,"36":0,"37":0,"38":0,"39":0,"40":0,"41":0,"42":0,"43":0,"44":0,"45":0,"46":0,"47":0,"48":0,"49":0,"50":0,"51":0,"52":0,"53":0,"54":0,"55":0,"56":0,"57":0,"58":0,"59":0,"60":0,"61":0,"62":0,"63":0,"64":0},"f":{"0":0,"1":0,"2":0,"3":0,"4":0,"5":0,"6":0,"7":0,"8":0,"9":0,"10":0,"11":0,"12":0,"13":0,"14":0,"15":0},"b":{"0":[0,0],"1":[0,0],"2":[0,0],"3":[0,0],"4":[0,0],"5":[0,0],"6":[0,0],"7":[0,0],"8":[0,0],"9":[0,0],"10":[0,0],"11":[0,0],"12":[0,0],"13":[0,0],"14":[0,0],"15":[0,0],"16":[0,0],"17":[0,0],"18":[0,0],"19":[0,0],"20":[0,0],"21":[0,0]}}
,"/Users/mayankgirdhar/Movies/work/headless-ui/packages/@magnora/headlessui-react/src/components/review-form/review-form.tsx": {"path":"/Users/mayankgirdhar/Movies/work/headless-ui/packages/@magnora/headlessui-react/src/components/review-form/review-form.tsx","statementMap":{"0":{"start":{"line":100,"column":26},"end":{"line":100,"column":76}},"1":{"start":{"line":104,"column":18},"end":{"line":104,"column":47}},"2":{"start":{"line":105,"column":2},"end":{"line":107,"column":3}},"3":{"start":{"line":106,"column":4},"end":{"line":106,"column":87}},"4":{"start":{"line":108,"column":2},"end":{"line":108,"column":16}},"5":{"start":{"line":112,"column":40},"end":{"line":120,"column":1}},"6":{"start":{"line":124,"column":2},"end":{"line":162,"column":3}},"7":{"start":{"line":126,"column":6},"end":{"line":137,"column":7}},"8":{"start":{"line":139,"column":6},"end":{"line":142,"column":7}},"9":{"start":{"line":144,"column":6},"end":{"line":147,"column":7}},"10":{"start":{"line":149,"column":6},"end":{"line":152,"column":7}},"11":{"start":{"line":154,"column":6},"end":{"line":159,"column":7}},"12":{"start":{"line":161,"column":6},"end":{"line":161,"column":18}},"13":{"start":{"line":167,"column":35},"end":{"line":167,"column":37}},"14":{"start":{"line":169,"column":2},"end":{"line":171,"column":3}},"15":{"start":{"line":170,"column":4},"end":{"line":170,"column":44}},"16":{"start":{"line":173,"column":2},"end":{"line":177,"column":3}},"17":{"start":{"line":174,"column":4},"end":{"line":174,"column":49}},"18":{"start":{"line":175,"column":9},"end":{"line":177,"column":3}},"19":{"start":{"line":176,"column":4},"end":{"line":176,"column":65}},"20":{"start":{"line":179,"column":2},"end":{"line":181,"column":3}},"21":{"start":{"line":180,"column":4},"end":{"line":180,"column":42}},"22":{"start":{"line":183,"column":2},"end":{"line":187,"column":3}},"23":{"start":{"line":184,"column":4},"end":{"line":184,"column":44}},"24":{"start":{"line":185,"column":9},"end":{"line":187,"column":3}},"25":{"start":{"line":186,"column":4},"end":{"line":186,"column":61}},"26":{"start":{"line":189,"column":2},"end":{"line":191,"column":3}},"27":{"start":{"line":190,"column":4},"end":{"line":190,"column":69}},"28":{"start":{"line":193,"column":2},"end":{"line":193,"column":15}},"29":{"start":{"line":197,"column":26},"end":{"line":267,"column":1}},"30":{"start":{"line":209,"column":30},"end":{"line":214,"column":6}},"31":{"start":{"line":216,"column":25},"end":{"line":241,"column":56}},"32":{"start":{"line":217,"column":6},"end":{"line":217,"column":28}},"33":{"start":{"line":219,"column":6},"end":{"line":219,"column":62}},"34":{"start":{"line":222,"column":31},"end":{"line":222,"column":107}},"35":{"start":{"line":224,"column":6},"end":{"line":228,"column":7}},"36":{"start":{"line":225,"column":8},"end":{"line":225,"column":66}},"37":{"start":{"line":226,"column":8},"end":{"line":226,"column":65}},"38":{"start":{"line":227,"column":8},"end":{"line":227,"column":14}},"39":{"start":{"line":230,"column":6},"end":{"line":240,"column":7}},"40":{"start":{"line":231,"column":8},"end":{"line":231,"column":34}},"41":{"start":{"line":232,"column":8},"end":{"line":232,"column":40}},"42":{"start":{"line":234,"column":8},"end":{"line":237,"column":10}},"43":{"start":{"line":239,"column":8},"end":{"line":239,"column":65}},"44":{"start":{"line":243,"column":25},"end":{"line":251,"column":90}},"45":{"start":{"line":243,"column":70},"end":{"line":251,"column":5}},"46":{"start":{"line":253,"column":4},"end":{"line":265,"column":5}},"47":{"start":{"line":269,"column":0},"end":{"line":269,"column":37}},"48":{"start":{"line":272,"column":31},"end":{"line":288,"column":1}},"49":{"start":{"line":274,"column":22},"end":{"line":274,"column":37}},"50":{"start":{"line":275,"column":21},"end":{"line":275,"column":41}},"51":{"start":{"line":277,"column":4},"end":{"line":286,"column":5}},"52":{"start":{"line":290,"column":0},"end":{"line":290,"column":47}},"53":{"start":{"line":293,"column":31},"end":{"line":301,"column":1}},"54":{"start":{"line":295,"column":4},"end":{"line":299,"column":5}},"55":{"start":{"line":303,"column":0},"end":{"line":303,"column":47}},"56":{"start":{"line":306,"column":31},"end":{"line":327,"column":1}},"57":{"start":{"line":308,"column":32},"end":{"line":308,"column":47}},"58":{"start":{"line":310,"column":25},"end":{"line":314,"column":34}},"59":{"start":{"line":311,"column":20},"end":{"line":311,"column":96}},"60":{"start":{"line":312,"column":6},"end":{"line":312,"column":50}},"61":{"start":{"line":313,"column":6},"end":{"line":313,"column":23}},"62":{"start":{"line":316,"column":4},"end":{"line":325,"column":5}},"63":{"start":{"line":329,"column":0},"end":{"line":329,"column":47}},"64":{"start":{"line":332,"column":34},"end":{"line":352,"column":1}},"65":{"start":{"line":334,"column":32},"end":{"line":334,"column":47}},"66":{"start":{"line":336,"column":25},"end":{"line":339,"column":34}},"67":{"start":{"line":337,"column":6},"end":{"line":337,"column":70}},"68":{"start":{"line":338,"column":6},"end":{"line":338,"column":23}},"69":{"start":{"line":341,"column":4},"end":{"line":350,"column":5}},"70":{"start":{"line":354,"column":0},"end":{"line":354,"column":53}},"71":{"start":{"line":357,"column":37},"end":{"line":391,"column":1}},"72":{"start":{"line":359,"column":32},"end":{"line":359,"column":47}},"73":{"start":{"line":361,"column":31},"end":{"line":363,"column":24}},"74":{"start":{"line":362,"column":6},"end":{"line":362,"column":58}},"75":{"start":{"line":365,"column":4},"end":{"line":389,"column":5}},"76":{"start":{"line":376,"column":14},"end":{"line":384,"column":23}},"77":{"start":{"line":379,"column":31},"end":{"line":379,"column":57}},"78":{"start":{"line":393,"column":0},"end":{"line":393,"column":59}},"79":{"start":{"line":396,"column":36},"end":{"line":452,"column":1}},"80":{"start":{"line":398,"column":80},"end":{"line":398,"column":95}},"81":{"start":{"line":400,"column":29},"end":{"line":432,"column":86}},"82":{"start":{"line":401,"column":20},"end":{"line":401,"column":56}},"83":{"start":{"line":404,"column":6},"end":{"line":410,"column":7}},"84":{"start":{"line":405,"column":8},"end":{"line":408,"column":10}},"85":{"start":{"line":409,"column":8},"end":{"line":409,"column":14}},"86":{"start":{"line":413,"column":6},"end":{"line":429,"column":7}},"87":{"start":{"line":414,"column":8},"end":{"line":420,"column":9}},"88":{"start":{"line":415,"column":10},"end":{"line":418,"column":12}},"89":{"start":{"line":419,"column":10},"end":{"line":419,"column":16}},"90":{"start":{"line":422,"column":8},"end":{"line":428,"column":9}},"91":{"start":{"line":423,"column":10},"end":{"line":426,"column":12}},"92":{"start":{"line":427,"column":10},"end":{"line":427,"column":16}},"93":{"start":{"line":431,"column":6},"end":{"line":431,"column":57}},"94":{"start":{"line":434,"column":4},"end":{"line":450,"column":5}},"95":{"start":{"line":454,"column":0},"end":{"line":454,"column":57}},"96":{"start":{"line":457,"column":31},"end":{"line":475,"column":1}},"97":{"start":{"line":459,"column":22},"end":{"line":459,"column":37}},"98":{"start":{"line":460,"column":18},"end":{"line":460,"column":36}},"99":{"start":{"line":462,"column":4},"end":{"line":462,"column":27}},"100":{"start":{"line":462,"column":16},"end":{"line":462,"column":27}},"101":{"start":{"line":464,"column":4},"end":{"line":473,"column":5}},"102":{"start":{"line":477,"column":0},"end":{"line":477,"column":47}},"103":{"start":{"line":480,"column":32},"end":{"line":497,"column":1}},"104":{"start":{"line":482,"column":22},"end":{"line":482,"column":37}},"105":{"start":{"line":483,"column":23},"end":{"line":483,"column":53}},"106":{"start":{"line":485,"column":4},"end":{"line":495,"column":5}},"107":{"start":{"line":499,"column":0},"end":{"line":499,"column":49}}},"fnMap":{"0":{"name":"useReviewForm","decl":{"start":{"line":103,"column":16},"end":{"line":103,"column":29}},"loc":{"start":{"line":103,"column":32},"end":{"line":109,"column":1}},"line":103},"1":{"name":"reviewFormReducer","decl":{"start":{"line":123,"column":9},"end":{"line":123,"column":26}},"loc":{"start":{"line":123,"column":94},"end":{"line":163,"column":1}},"line":123},"2":{"name":"validateForm","decl":{"start":{"line":166,"column":9},"end":{"line":166,"column":21}},"loc":{"start":{"line":166,"column":85},"end":{"line":194,"column":1}},"line":166},"3":{"name":"(anonymous_3)","decl":{"start":{"line":198,"column":2},"end":{"line":198,"column":3}},"loc":{"start":{"line":208,"column":13},"end":{"line":266,"column":3}},"line":208},"4":{"name":"(anonymous_4)","decl":{"start":{"line":216,"column":43},"end":{"line":216,"column":44}},"loc":{"start":{"line":216,"column":94},"end":{"line":241,"column":5}},"line":216},"5":{"name":"(anonymous_5)","decl":{"start":{"line":243,"column":63},"end":{"line":243,"column":64}},"loc":{"start":{"line":243,"column":70},"end":{"line":251,"column":5}},"line":243},"6":{"name":"(anonymous_6)","decl":{"start":{"line":273,"column":2},"end":{"line":273,"column":3}},"loc":{"start":{"line":273,"column":41},"end":{"line":287,"column":3}},"line":273},"7":{"name":"(anonymous_7)","decl":{"start":{"line":294,"column":2},"end":{"line":294,"column":3}},"loc":{"start":{"line":294,"column":35},"end":{"line":300,"column":3}},"line":294},"8":{"name":"(anonymous_8)","decl":{"start":{"line":307,"column":2},"end":{"line":307,"column":3}},"loc":{"start":{"line":307,"column":41},"end":{"line":326,"column":3}},"line":307},"9":{"name":"(anonymous_9)","decl":{"start":{"line":310,"column":43},"end":{"line":310,"column":44}},"loc":{"start":{"line":310,"column":91},"end":{"line":314,"column":5}},"line":310},"10":{"name":"(anonymous_10)","decl":{"start":{"line":333,"column":2},"end":{"line":333,"column":3}},"loc":{"start":{"line":333,"column":41},"end":{"line":351,"column":3}},"line":333},"11":{"name":"(anonymous_11)","decl":{"start":{"line":336,"column":43},"end":{"line":336,"column":44}},"loc":{"start":{"line":336,"column":94},"end":{"line":339,"column":5}},"line":336},"12":{"name":"(anonymous_12)","decl":{"start":{"line":358,"column":2},"end":{"line":358,"column":3}},"loc":{"start":{"line":358,"column":41},"end":{"line":390,"column":3}},"line":358},"13":{"name":"(anonymous_13)","decl":{"start":{"line":361,"column":49},"end":{"line":361,"column":50}},"loc":{"start":{"line":361,"column":69},"end":{"line":363,"column":5}},"line":361},"14":{"name":"(anonymous_14)","decl":{"start":{"line":375,"column":33},"end":{"line":375,"column":34}},"loc":{"start":{"line":376,"column":14},"end":{"line":384,"column":23}},"line":376},"15":{"name":"(anonymous_15)","decl":{"start":{"line":379,"column":25},"end":{"line":379,"column":26}},"loc":{"start":{"line":379,"column":31},"end":{"line":379,"column":57}},"line":379},"16":{"name":"(anonymous_16)","decl":{"start":{"line":397,"column":2},"end":{"line":397,"column":3}},"loc":{"start":{"line":397,"column":41},"end":{"line":451,"column":3}},"line":397},"17":{"name":"(anonymous_17)","decl":{"start":{"line":400,"column":47},"end":{"line":400,"column":48}},"loc":{"start":{"line":400,"column":95},"end":{"line":432,"column":5}},"line":400},"18":{"name":"(anonymous_18)","decl":{"start":{"line":458,"column":2},"end":{"line":458,"column":3}},"loc":{"start":{"line":458,"column":53},"end":{"line":474,"column":3}},"line":458},"19":{"name":"(anonymous_19)","decl":{"start":{"line":481,"column":2},"end":{"line":481,"column":3}},"loc":{"start":{"line":481,"column":45},"end":{"line":496,"column":3}},"line":481}},"branchMap":{"0":{"loc":{"start":{"line":105,"column":2},"end":{"line":107,"column":3}},"type":"if","locations":[{"start":{"line":105,"column":2},"end":{"line":107,"column":3}},{"start":{},"end":{}}],"line":105},"1":{"loc":{"start":{"line":124,"column":2},"end":{"line":162,"column":3}},"type":"switch","locations":[{"start":{"line":125,"column":4},"end":{"line":137,"column":7}},{"start":{"line":138,"column":4},"end":{"line":142,"column":7}},{"start":{"line":143,"column":4},"end":{"line":147,"column":7}},{"start":{"line":148,"column":4},"end":{"line":152,"column":7}},{"start":{"line":153,"column":4},"end":{"line":159,"column":7}},{"start":{"line":160,"column":4},"end":{"line":161,"column":18}}],"line":124},"2":{"loc":{"start":{"line":169,"column":2},"end":{"line":171,"column":3}},"type":"if","locations":[{"start":{"line":169,"column":2},"end":{"line":171,"column":3}},{"start":{},"end":{}}],"line":169},"3":{"loc":{"start":{"line":173,"column":2},"end":{"line":177,"column":3}},"type":"if","locations":[{"start":{"line":173,"column":2},"end":{"line":177,"column":3}},{"start":{"line":175,"column":9},"end":{"line":177,"column":3}}],"line":173},"4":{"loc":{"start":{"line":175,"column":9},"end":{"line":177,"column":3}},"type":"if","locations":[{"start":{"line":175,"column":9},"end":{"line":177,"column":3}},{"start":{},"end":{}}],"line":175},"5":{"loc":{"start":{"line":179,"column":2},"end":{"line":181,"column":3}},"type":"if","locations":[{"start":{"line":179,"column":2},"end":{"line":181,"column":3}},{"start":{},"end":{}}],"line":179},"6":{"loc":{"start":{"line":183,"column":2},"end":{"line":187,"column":3}},"type":"if","locations":[{"start":{"line":183,"column":2},"end":{"line":187,"column":3}},{"start":{"line":185,"column":9},"end":{"line":187,"column":3}}],"line":183},"7":{"loc":{"start":{"line":185,"column":9},"end":{"line":187,"column":3}},"type":"if","locations":[{"start":{"line":185,"column":9},"end":{"line":187,"column":3}},{"start":{},"end":{}}],"line":185},"8":{"loc":{"start":{"line":189,"column":2},"end":{"line":191,"column":3}},"type":"if","locations":[{"start":{"line":189,"column":2},"end":{"line":191,"column":3}},{"start":{},"end":{}}],"line":189},"9":{"loc":{"start":{"line":189,"column":6},"end":{"line":189,"column":41}},"type":"binary-expr","locations":[{"start":{"line":189,"column":6},"end":{"line":189,"column":18}},{"start":{"line":189,"column":22},"end":{"line":189,"column":41}}],"line":189},"10":{"loc":{"start":{"line":202,"column":4},"end":{"line":202,"column":21}},"type":"default-arg","locations":[{"start":{"line":202,"column":20},"end":{"line":202,"column":21}}],"line":202},"11":{"loc":{"start":{"line":203,"column":4},"end":{"line":203,"column":21}},"type":"default-arg","locations":[{"start":{"line":203,"column":19},"end":{"line":203,"column":21}}],"line":203},"12":{"loc":{"start":{"line":204,"column":4},"end":{"line":204,"column":78}},"type":"default-arg","locations":[{"start":{"line":204,"column":24},"end":{"line":204,"column":78}}],"line":204},"13":{"loc":{"start":{"line":205,"column":4},"end":{"line":205,"column":23}},"type":"default-arg","locations":[{"start":{"line":205,"column":19},"end":{"line":205,"column":23}}],"line":205},"14":{"loc":{"start":{"line":222,"column":31},"end":{"line":222,"column":107}},"type":"cond-expr","locations":[{"start":{"line":222,"column":44},"end":{"line":222,"column":66}},{"start":{"line":222,"column":69},"end":{"line":222,"column":107}}],"line":222},"15":{"loc":{"start":{"line":224,"column":6},"end":{"line":228,"column":7}},"type":"if","locations":[{"start":{"line":224,"column":6},"end":{"line":228,"column":7}},{"start":{},"end":{}}],"line":224},"16":{"loc":{"start":{"line":224,"column":10},"end":{"line":224,"column":70}},"type":"binary-expr","locations":[{"start":{"line":224,"column":10},"end":{"line":224,"column":26}},{"start":{"line":224,"column":30},"end":{"line":224,"column":70}}],"line":224},"17":{"loc":{"start":{"line":236,"column":29},"end":{"line":236,"column":89}},"type":"cond-expr","locations":[{"start":{"line":236,"column":54},"end":{"line":236,"column":67}},{"start":{"line":236,"column":70},"end":{"line":236,"column":89}}],"line":236},"18":{"loc":{"start":{"line":311,"column":20},"end":{"line":311,"column":96}},"type":"cond-expr","locations":[{"start":{"line":311,"column":55},"end":{"line":311,"column":75}},{"start":{"line":311,"column":78},"end":{"line":311,"column":96}}],"line":311},"19":{"loc":{"start":{"line":373,"column":9},"end":{"line":387,"column":9}},"type":"binary-expr","locations":[{"start":{"line":373,"column":9},"end":{"line":373,"column":17}},{"start":{"line":374,"column":10},"end":{"line":386,"column":16}}],"line":373},"20":{"loc":{"start":{"line":401,"column":31},"end":{"line":401,"column":55}},"type":"binary-expr","locations":[{"start":{"line":401,"column":31},"end":{"line":401,"column":49}},{"start":{"line":401,"column":53},"end":{"line":401,"column":55}}],"line":401},"21":{"loc":{"start":{"line":404,"column":6},"end":{"line":410,"column":7}},"type":"if","locations":[{"start":{"line":404,"column":6},"end":{"line":410,"column":7}},{"start":{},"end":{}}],"line":404},"22":{"loc":{"start":{"line":414,"column":8},"end":{"line":420,"column":9}},"type":"if","locations":[{"start":{"line":414,"column":8},"end":{"line":420,"column":9}},{"start":{},"end":{}}],"line":414},"23":{"loc":{"start":{"line":422,"column":8},"end":{"line":428,"column":9}},"type":"if","locations":[{"start":{"line":422,"column":8},"end":{"line":428,"column":9}},{"start":{},"end":{}}],"line":422},"24":{"loc":{"start":{"line":441,"column":9},"end":{"line":448,"column":9}},"type":"binary-expr","locations":[{"start":{"line":441,"column":9},"end":{"line":441,"column":17}},{"start":{"line":442,"column":10},"end":{"line":447,"column":12}}],"line":441},"25":{"loc":{"start":{"line":458,"column":5},"end":{"line":458,"column":21}},"type":"default-arg","locations":[{"start":{"line":458,"column":12},"end":{"line":458,"column":21}}],"line":458},"26":{"loc":{"start":{"line":462,"column":4},"end":{"line":462,"column":27}},"type":"if","locations":[{"start":{"line":462,"column":4},"end":{"line":462,"column":27}},{"start":{},"end":{}}],"line":462},"27":{"loc":{"start":{"line":471,"column":9},"end":{"line":471,"column":26}},"type":"binary-expr","locations":[{"start":{"line":471,"column":9},"end":{"line":471,"column":17}},{"start":{"line":471,"column":21},"end":{"line":471,"column":26}}],"line":471},"28":{"loc":{"start":{"line":483,"column":23},"end":{"line":483,"column":53}},"type":"binary-expr","locations":[{"start":{"line":483,"column":23},"end":{"line":483,"column":31}},{"start":{"line":483,"column":35},"end":{"line":483,"column":53}}],"line":483},"29":{"loc":{"start":{"line":493,"column":9},"end":{"line":493,"column":77}},"type":"binary-expr","locations":[{"start":{"line":493,"column":9},"end":{"line":493,"column":17}},{"start":{"line":493,"column":22},"end":{"line":493,"column":76}}],"line":493},"30":{"loc":{"start":{"line":493,"column":22},"end":{"line":493,"column":76}},"type":"cond-expr","locations":[{"start":{"line":493,"column":43},"end":{"line":493,"column":58}},{"start":{"line":493,"column":61},"end":{"line":493,"column":76}}],"line":493}},"s":{"0":0,"1":0,"2":0,"3":0,"4":0,"5":0,"6":0,"7":0,"8":0,"9":0,"10":0,"11":0,"12":0,"13":0,"14":0,"15":0,"16":0,"17":0,"18":0,"19":0,"20":0,"21":0,"22":0,"23":0,"24":0,"25":0,"26":0,"27":0,"28":0,"29":0,"30":0,"31":0,"32":0,"33":0,"34":0,"35":0,"36":0,"37":0,"38":0,"39":0,"40":0,"41":0,"42":0,"43":0,"44":0,"45":0,"46":0,"47":0,"48":0,"49":0,"50":0,"51":0,"52":0,"53":0,"54":0,"55":0,"56":0,"57":0,"58":0,"59":0,"60":0,"61":0,"62":0,"63":0,"64":0,"65":0,"66":0,"67":0,"68":0,"69":0,"70":0,"71":0,"72":0,"73":0,"74":0,"75":0,"76":0,"77":0,"78":0,"79":0,"80":0,"81":0,"82":0,"83":0,"84":0,"85":0,"86":0,"87":0,"88":0,"89":0,"90":0,"91":0,"92":0,"93":0,"94":0,"95":0,"96":0,"97":0,"98":0,"99":0,"100":0,"101":0,"102":0,"103":0,"104":0,"105":0,"106":0,"107":0},"f":{"0":0,"1":0,"2":0,"3":0,"4":0,"5":0,"6":0,"7":0,"8":0,"9":0,"10":0,"11":0,"12":0,"13":0,"14":0,"15":0,"16":0,"17":0,"18":0,"19":0},"b":{"0":[0,0],"1":[0,0,0,0,0,0],"2":[0,0],"3":[0,0],"4":[0,0],"5":[0,0],"6":[0,0],"7":[0,0],"8":[0,0],"9":[0,0],"10":[0],"11":[0],"12":[0],"13":[0],"14":[0,0],"15":[0,0],"16":[0,0],"17":[0,0],"18":[0,0],"19":[0,0],"20":[0,0],"21":[0,0],"22":[0,0],"23":[0,0],"24":[0,0],"25":[0],"26":[0,0],"27":[0,0],"28":[0,0],"29":[0,0],"30":[0,0]}}
,"/Users/mayankgirdhar/Movies/work/headless-ui/packages/@magnora/headlessui-react/src/components/reviews-list/reviews-list.tsx": {"path":"/Users/mayankgirdhar/Movies/work/headless-ui/packages/@magnora/headlessui-react/src/components/reviews-list/reviews-list.tsx","statementMap":{"0":{"start":{"line":98,"column":27},"end":{"line":98,"column":78}},"1":{"start":{"line":102,"column":18},"end":{"line":102,"column":48}},"2":{"start":{"line":103,"column":2},"end":{"line":105,"column":3}},"3":{"start":{"line":104,"column":4},"end":{"line":104,"column":89}},"4":{"start":{"line":106,"column":2},"end":{"line":106,"column":16}},"5":{"start":{"line":110,"column":48},"end":{"line":136,"column":1}},"6":{"start":{"line":114,"column":25},"end":{"line":114,"column":60}},"7":{"start":{"line":119,"column":25},"end":{"line":119,"column":60}},"8":{"start":{"line":124,"column":25},"end":{"line":124,"column":44}},"9":{"start":{"line":129,"column":25},"end":{"line":129,"column":44}},"10":{"start":{"line":134,"column":25},"end":{"line":134,"column":60}},"11":{"start":{"line":139,"column":27},"end":{"line":235,"column":1}},"12":{"start":{"line":154,"column":28},"end":{"line":204,"column":53}},"13":{"start":{"line":155,"column":21},"end":{"line":155,"column":38}},"14":{"start":{"line":158,"column":6},"end":{"line":165,"column":7}},"15":{"start":{"line":159,"column":22},"end":{"line":159,"column":47}},"16":{"start":{"line":160,"column":8},"end":{"line":164,"column":9}},"17":{"start":{"line":161,"column":10},"end":{"line":163,"column":58}},"18":{"start":{"line":169,"column":6},"end":{"line":193,"column":8}},"19":{"start":{"line":170,"column":8},"end":{"line":192,"column":9}},"20":{"start":{"line":172,"column":12},"end":{"line":172,"column":65}},"21":{"start":{"line":172,"column":49},"end":{"line":172,"column":64}},"22":{"start":{"line":173,"column":12},"end":{"line":173,"column":17}},"23":{"start":{"line":175,"column":12},"end":{"line":175,"column":89}},"24":{"start":{"line":175,"column":49},"end":{"line":175,"column":88}},"25":{"start":{"line":176,"column":12},"end":{"line":176,"column":17}},"26":{"start":{"line":178,"column":12},"end":{"line":178,"column":69}},"27":{"start":{"line":178,"column":49},"end":{"line":178,"column":68}},"28":{"start":{"line":179,"column":12},"end":{"line":179,"column":17}},"29":{"start":{"line":181,"column":12},"end":{"line":181,"column":69}},"30":{"start":{"line":181,"column":49},"end":{"line":181,"column":68}},"31":{"start":{"line":182,"column":12},"end":{"line":182,"column":17}},"32":{"start":{"line":184,"column":12},"end":{"line":184,"column":69}},"33":{"start":{"line":184,"column":49},"end":{"line":184,"column":68}},"34":{"start":{"line":185,"column":12},"end":{"line":185,"column":17}},"35":{"start":{"line":187,"column":12},"end":{"line":187,"column":69}},"36":{"start":{"line":187,"column":49},"end":{"line":187,"column":68}},"37":{"start":{"line":188,"column":12},"end":{"line":188,"column":17}},"38":{"start":{"line":190,"column":12},"end":{"line":190,"column":69}},"39":{"start":{"line":190,"column":49},"end":{"line":190,"column":68}},"40":{"start":{"line":191,"column":12},"end":{"line":191,"column":17}},"41":{"start":{"line":196,"column":6},"end":{"line":201,"column":7}},"42":{"start":{"line":197,"column":27},"end":{"line":197,"column":85}},"43":{"start":{"line":197,"column":61},"end":{"line":197,"column":84}},"44":{"start":{"line":198,"column":8},"end":{"line":200,"column":9}},"45":{"start":{"line":199,"column":10},"end":{"line":199,"column":45}},"46":{"start":{"line":203,"column":6},"end":{"line":203,"column":21}},"47":{"start":{"line":206,"column":25},"end":{"line":218,"column":139}},"48":{"start":{"line":206,"column":65},"end":{"line":218,"column":5}},"49":{"start":{"line":220,"column":4},"end":{"line":233,"column":5}},"50":{"start":{"line":237,"column":0},"end":{"line":237,"column":39}},"51":{"start":{"line":240,"column":33},"end":{"line":248,"column":1}},"52":{"start":{"line":242,"column":4},"end":{"line":246,"column":5}},"53":{"start":{"line":250,"column":0},"end":{"line":250,"column":51}},"54":{"start":{"line":253,"column":32},"end":{"line":287,"column":1}},"55":{"start":{"line":255,"column":21},"end":{"line":255,"column":37}},"56":{"start":{"line":257,"column":4},"end":{"line":285,"column":5}},"57":{"start":{"line":274,"column":38},"end":{"line":274,"column":59}},"58":{"start":{"line":276,"column":20},"end":{"line":278,"column":26}},"59":{"start":{"line":289,"column":0},"end":{"line":289,"column":49}},"60":{"start":{"line":292,"column":31},"end":{"line":318,"column":1}},"61":{"start":{"line":294,"column":37},"end":{"line":294,"column":53}},"62":{"start":{"line":296,"column":29},"end":{"line":298,"column":22}},"63":{"start":{"line":297,"column":6},"end":{"line":297,"column":31}},"64":{"start":{"line":300,"column":4},"end":{"line":316,"column":5}},"65":{"start":{"line":305,"column":29},"end":{"line":305,"column":61}},"66":{"start":{"line":309,"column":14},"end":{"line":311,"column":23}},"67":{"start":{"line":320,"column":0},"end":{"line":320,"column":47}},"68":{"start":{"line":323,"column":33},"end":{"line":344,"column":1}},"69":{"start":{"line":325,"column":44},"end":{"line":325,"column":60}},"70":{"start":{"line":327,"column":31},"end":{"line":329,"column":24}},"71":{"start":{"line":328,"column":6},"end":{"line":328,"column":29}},"72":{"start":{"line":331,"column":4},"end":{"line":342,"column":5}},"73":{"start":{"line":338,"column":29},"end":{"line":338,"column":63}},"74":{"start":{"line":346,"column":0},"end":{"line":346,"column":51}},"75":{"start":{"line":349,"column":32},"end":{"line":369,"column":1}},"76":{"start":{"line":351,"column":41},"end":{"line":351,"column":57}},"77":{"start":{"line":353,"column":4},"end":{"line":353,"column":28}},"78":{"start":{"line":353,"column":17},"end":{"line":353,"column":28}},"79":{"start":{"line":355,"column":4},"end":{"line":367,"column":5}},"80":{"start":{"line":360,"column":14},"end":{"line":362,"column":20}},"81":{"start":{"line":371,"column":0},"end":{"line":371,"column":49}},"82":{"start":{"line":374,"column":37},"end":{"line":394,"column":1}},"83":{"start":{"line":376,"column":45},"end":{"line":376,"column":61}},"84":{"start":{"line":378,"column":4},"end":{"line":378,"column":41}},"85":{"start":{"line":378,"column":30},"end":{"line":378,"column":41}},"86":{"start":{"line":380,"column":4},"end":{"line":392,"column":5}},"87":{"start":{"line":396,"column":0},"end":{"line":396,"column":59}},"88":{"start":{"line":399,"column":32},"end":{"line":413,"column":1}},"89":{"start":{"line":401,"column":41},"end":{"line":401,"column":57}},"90":{"start":{"line":403,"column":4},"end":{"line":403,"column":58}},"91":{"start":{"line":403,"column":47},"end":{"line":403,"column":58}},"92":{"start":{"line":405,"column":4},"end":{"line":411,"column":5}},"93":{"start":{"line":415,"column":0},"end":{"line":415,"column":49}},"94":{"start":{"line":418,"column":34},"end":{"line":432,"column":1}},"95":{"start":{"line":420,"column":24},"end":{"line":420,"column":40}},"96":{"start":{"line":422,"column":4},"end":{"line":422,"column":29}},"97":{"start":{"line":422,"column":18},"end":{"line":422,"column":29}},"98":{"start":{"line":424,"column":4},"end":{"line":430,"column":5}},"99":{"start":{"line":434,"column":0},"end":{"line":434,"column":53}}},"fnMap":{"0":{"name":"useReviewsList","decl":{"start":{"line":101,"column":16},"end":{"line":101,"column":30}},"loc":{"start":{"line":101,"column":33},"end":{"line":107,"column":1}},"line":101},"1":{"name":"(anonymous_1)","decl":{"start":{"line":114,"column":15},"end":{"line":114,"column":16}},"loc":{"start":{"line":114,"column":25},"end":{"line":114,"column":60}},"line":114},"2":{"name":"(anonymous_2)","decl":{"start":{"line":119,"column":15},"end":{"line":119,"column":16}},"loc":{"start":{"line":119,"column":25},"end":{"line":119,"column":60}},"line":119},"3":{"name":"(anonymous_3)","decl":{"start":{"line":124,"column":15},"end":{"line":124,"column":16}},"loc":{"start":{"line":124,"column":25},"end":{"line":124,"column":44}},"line":124},"4":{"name":"(anonymous_4)","decl":{"start":{"line":129,"column":15},"end":{"line":129,"column":16}},"loc":{"start":{"line":129,"column":25},"end":{"line":129,"column":44}},"line":129},"5":{"name":"(anonymous_5)","decl":{"start":{"line":134,"column":15},"end":{"line":134,"column":16}},"loc":{"start":{"line":134,"column":25},"end":{"line":134,"column":60}},"line":134},"6":{"name":"(anonymous_6)","decl":{"start":{"line":140,"column":2},"end":{"line":140,"column":3}},"loc":{"start":{"line":153,"column":13},"end":{"line":234,"column":3}},"line":153},"7":{"name":"(anonymous_7)","decl":{"start":{"line":154,"column":36},"end":{"line":154,"column":37}},"loc":{"start":{"line":154,"column":42},"end":{"line":204,"column":5}},"line":154},"8":{"name":"(anonymous_8)","decl":{"start":{"line":160,"column":35},"end":{"line":160,"column":36}},"loc":{"start":{"line":161,"column":10},"end":{"line":163,"column":58}},"line":161},"9":{"name":"(anonymous_9)","decl":{"start":{"line":169,"column":23},"end":{"line":169,"column":24}},"loc":{"start":{"line":169,"column":33},"end":{"line":193,"column":7}},"line":169},"10":{"name":"(anonymous_10)","decl":{"start":{"line":172,"column":39},"end":{"line":172,"column":40}},"loc":{"start":{"line":172,"column":49},"end":{"line":172,"column":64}},"line":172},"11":{"name":"(anonymous_11)","decl":{"start":{"line":175,"column":39},"end":{"line":175,"column":40}},"loc":{"start":{"line":175,"column":49},"end":{"line":175,"column":88}},"line":175},"12":{"name":"(anonymous_12)","decl":{"start":{"line":178,"column":39},"end":{"line":178,"column":40}},"loc":{"start":{"line":178,"column":49},"end":{"line":178,"column":68}},"line":178},"13":{"name":"(anonymous_13)","decl":{"start":{"line":181,"column":39},"end":{"line":181,"column":40}},"loc":{"start":{"line":181,"column":49},"end":{"line":181,"column":68}},"line":181},"14":{"name":"(anonymous_14)","decl":{"start":{"line":184,"column":39},"end":{"line":184,"column":40}},"loc":{"start":{"line":184,"column":49},"end":{"line":184,"column":68}},"line":184},"15":{"name":"(anonymous_15)","decl":{"start":{"line":187,"column":39},"end":{"line":187,"column":40}},"loc":{"start":{"line":187,"column":49},"end":{"line":187,"column":68}},"line":187},"16":{"name":"(anonymous_16)","decl":{"start":{"line":190,"column":39},"end":{"line":190,"column":40}},"loc":{"start":{"line":190,"column":49},"end":{"line":190,"column":68}},"line":190},"17":{"name":"(anonymous_17)","decl":{"start":{"line":197,"column":51},"end":{"line":197,"column":52}},"loc":{"start":{"line":197,"column":61},"end":{"line":197,"column":84}},"line":197},"18":{"name":"(anonymous_18)","decl":{"start":{"line":206,"column":58},"end":{"line":206,"column":59}},"loc":{"start":{"line":206,"column":65},"end":{"line":218,"column":5}},"line":206},"19":{"name":"(anonymous_19)","decl":{"start":{"line":241,"column":2},"end":{"line":241,"column":3}},"loc":{"start":{"line":241,"column":35},"end":{"line":247,"column":3}},"line":241},"20":{"name":"(anonymous_20)","decl":{"start":{"line":254,"column":2},"end":{"line":254,"column":3}},"loc":{"start":{"line":254,"column":99},"end":{"line":286,"column":3}},"line":254},"21":{"name":"(anonymous_21)","decl":{"start":{"line":274,"column":24},"end":{"line":274,"column":25}},"loc":{"start":{"line":274,"column":38},"end":{"line":274,"column":59}},"line":274},"22":{"name":"(anonymous_22)","decl":{"start":{"line":275,"column":23},"end":{"line":275,"column":24}},"loc":{"start":{"line":276,"column":20},"end":{"line":278,"column":26}},"line":276},"23":{"name":"(anonymous_23)","decl":{"start":{"line":293,"column":2},"end":{"line":293,"column":3}},"loc":{"start":{"line":293,"column":65},"end":{"line":317,"column":3}},"line":293},"24":{"name":"(anonymous_24)","decl":{"start":{"line":296,"column":47},"end":{"line":296,"column":48}},"loc":{"start":{"line":296,"column":70},"end":{"line":298,"column":5}},"line":296},"25":{"name":"(anonymous_25)","decl":{"start":{"line":305,"column":22},"end":{"line":305,"column":23}},"loc":{"start":{"line":305,"column":29},"end":{"line":305,"column":61}},"line":305},"26":{"name":"(anonymous_26)","decl":{"start":{"line":308,"column":25},"end":{"line":308,"column":26}},"loc":{"start":{"line":309,"column":14},"end":{"line":311,"column":23}},"line":309},"27":{"name":"(anonymous_27)","decl":{"start":{"line":324,"column":2},"end":{"line":324,"column":3}},"loc":{"start":{"line":324,"column":70},"end":{"line":343,"column":3}},"line":324},"28":{"name":"(anonymous_28)","decl":{"start":{"line":327,"column":49},"end":{"line":327,"column":50}},"loc":{"start":{"line":327,"column":68},"end":{"line":329,"column":5}},"line":327},"29":{"name":"(anonymous_29)","decl":{"start":{"line":338,"column":22},"end":{"line":338,"column":23}},"loc":{"start":{"line":338,"column":29},"end":{"line":338,"column":63}},"line":338},"30":{"name":"(anonymous_30)","decl":{"start":{"line":350,"column":2},"end":{"line":350,"column":3}},"loc":{"start":{"line":350,"column":35},"end":{"line":368,"column":3}},"line":350},"31":{"name":"(anonymous_31)","decl":{"start":{"line":359,"column":33},"end":{"line":359,"column":34}},"loc":{"start":{"line":360,"column":14},"end":{"line":362,"column":20}},"line":360},"32":{"name":"(anonymous_32)","decl":{"start":{"line":375,"column":2},"end":{"line":375,"column":3}},"loc":{"start":{"line":375,"column":35},"end":{"line":393,"column":3}},"line":375},"33":{"name":"(anonymous_33)","decl":{"start":{"line":400,"column":2},"end":{"line":400,"column":3}},"loc":{"start":{"line":400,"column":35},"end":{"line":412,"column":3}},"line":400},"34":{"name":"(anonymous_34)","decl":{"start":{"line":419,"column":2},"end":{"line":419,"column":3}},"loc":{"start":{"line":419,"column":35},"end":{"line":431,"column":3}},"line":419}},"branchMap":{"0":{"loc":{"start":{"line":103,"column":2},"end":{"line":105,"column":3}},"type":"if","locations":[{"start":{"line":103,"column":2},"end":{"line":105,"column":3}},{"start":{},"end":{}}],"line":103},"1":{"loc":{"start":{"line":134,"column":26},"end":{"line":134,"column":40}},"type":"binary-expr","locations":[{"start":{"line":134,"column":26},"end":{"line":134,"column":35}},{"start":{"line":134,"column":39},"end":{"line":134,"column":40}}],"line":134},"2":{"loc":{"start":{"line":134,"column":45},"end":{"line":134,"column":59}},"type":"binary-expr","locations":[{"start":{"line":134,"column":45},"end":{"line":134,"column":54}},{"start":{"line":134,"column":58},"end":{"line":134,"column":59}}],"line":134},"3":{"loc":{"start":{"line":143,"column":4},"end":{"line":143,"column":17}},"type":"default-arg","locations":[{"start":{"line":143,"column":15},"end":{"line":143,"column":17}}],"line":143},"4":{"loc":{"start":{"line":144,"column":4},"end":{"line":144,"column":20}},"type":"default-arg","locations":[{"start":{"line":144,"column":18},"end":{"line":144,"column":20}}],"line":144},"5":{"loc":{"start":{"line":149,"column":4},"end":{"line":149,"column":19}},"type":"default-arg","locations":[{"start":{"line":149,"column":14},"end":{"line":149,"column":19}}],"line":149},"6":{"loc":{"start":{"line":150,"column":4},"end":{"line":150,"column":19}},"type":"default-arg","locations":[{"start":{"line":150,"column":14},"end":{"line":150,"column":19}}],"line":150},"7":{"loc":{"start":{"line":158,"column":6},"end":{"line":165,"column":7}},"type":"if","locations":[{"start":{"line":158,"column":6},"end":{"line":165,"column":7}},{"start":{},"end":{}}],"line":158},"8":{"loc":{"start":{"line":161,"column":10},"end":{"line":163,"column":58}},"type":"binary-expr","locations":[{"start":{"line":161,"column":10},"end":{"line":161,"column":54}},{"start":{"line":162,"column":10},"end":{"line":162,"column":53}},{"start":{"line":163,"column":10},"end":{"line":163,"column":58}}],"line":161},"9":{"loc":{"start":{"line":170,"column":8},"end":{"line":192,"column":9}},"type":"switch","locations":[{"start":{"line":171,"column":10},"end":{"line":173,"column":17}},{"start":{"line":174,"column":10},"end":{"line":176,"column":17}},{"start":{"line":177,"column":10},"end":{"line":179,"column":17}},{"start":{"line":180,"column":10},"end":{"line":182,"column":17}},{"start":{"line":183,"column":10},"end":{"line":185,"column":17}},{"start":{"line":186,"column":10},"end":{"line":188,"column":17}},{"start":{"line":189,"column":10},"end":{"line":191,"column":17}}],"line":170},"10":{"loc":{"start":{"line":175,"column":49},"end":{"line":175,"column":88}},"type":"binary-expr","locations":[{"start":{"line":175,"column":49},"end":{"line":175,"column":61}},{"start":{"line":175,"column":65},"end":{"line":175,"column":88}}],"line":175},"11":{"loc":{"start":{"line":196,"column":6},"end":{"line":201,"column":7}},"type":"if","locations":[{"start":{"line":196,"column":6},"end":{"line":201,"column":7}},{"start":{},"end":{}}],"line":196},"12":{"loc":{"start":{"line":198,"column":8},"end":{"line":200,"column":9}},"type":"if","locations":[{"start":{"line":198,"column":8},"end":{"line":200,"column":9}},{"start":{},"end":{}}],"line":198},"13":{"loc":{"start":{"line":254,"column":5},"end":{"line":254,"column":23}},"type":"default-arg","locations":[{"start":{"line":254,"column":19},"end":{"line":254,"column":23}}],"line":254},"14":{"loc":{"start":{"line":254,"column":25},"end":{"line":254,"column":41}},"type":"default-arg","locations":[{"start":{"line":254,"column":37},"end":{"line":254,"column":41}}],"line":254},"15":{"loc":{"start":{"line":254,"column":43},"end":{"line":254,"column":67}},"type":"default-arg","locations":[{"start":{"line":254,"column":62},"end":{"line":254,"column":67}}],"line":254},"16":{"loc":{"start":{"line":259,"column":9},"end":{"line":283,"column":9}},"type":"cond-expr","locations":[{"start":{"line":259,"column":20},"end":{"line":259,"column":28}},{"start":{"line":260,"column":10},"end":{"line":282,"column":16}}],"line":259},"17":{"loc":{"start":{"line":261,"column":13},"end":{"line":265,"column":13}},"type":"binary-expr","locations":[{"start":{"line":261,"column":13},"end":{"line":261,"column":24}},{"start":{"line":262,"column":14},"end":{"line":264,"column":20}}],"line":261},"18":{"loc":{"start":{"line":266,"column":13},"end":{"line":270,"column":13}},"type":"binary-expr","locations":[{"start":{"line":266,"column":13},"end":{"line":266,"column":22}},{"start":{"line":267,"column":14},"end":{"line":269,"column":20}}],"line":266},"19":{"loc":{"start":{"line":271,"column":13},"end":{"line":281,"column":13}},"type":"binary-expr","locations":[{"start":{"line":271,"column":13},"end":{"line":271,"column":29}},{"start":{"line":272,"column":14},"end":{"line":280,"column":20}}],"line":271},"20":{"loc":{"start":{"line":293,"column":5},"end":{"line":293,"column":33}},"type":"default-arg","locations":[{"start":{"line":293,"column":15},"end":{"line":293,"column":33}}],"line":293},"21":{"loc":{"start":{"line":302,"column":9},"end":{"line":314,"column":9}},"type":"cond-expr","locations":[{"start":{"line":302,"column":20},"end":{"line":302,"column":28}},{"start":{"line":303,"column":10},"end":{"line":313,"column":19}}],"line":302},"22":{"loc":{"start":{"line":304,"column":19},"end":{"line":304,"column":31}},"type":"binary-expr","locations":[{"start":{"line":304,"column":19},"end":{"line":304,"column":25}},{"start":{"line":304,"column":29},"end":{"line":304,"column":31}}],"line":304},"23":{"loc":{"start":{"line":324,"column":5},"end":{"line":324,"column":38}},"type":"default-arg","locations":[{"start":{"line":324,"column":19},"end":{"line":324,"column":38}}],"line":324},"24":{"loc":{"start":{"line":333,"column":9},"end":{"line":340,"column":9}},"type":"cond-expr","locations":[{"start":{"line":333,"column":20},"end":{"line":333,"column":28}},{"start":{"line":334,"column":10},"end":{"line":339,"column":12}}],"line":333},"25":{"loc":{"start":{"line":353,"column":4},"end":{"line":353,"column":28}},"type":"if","locations":[{"start":{"line":353,"column":4},"end":{"line":353,"column":28}},{"start":{},"end":{}}],"line":353},"26":{"loc":{"start":{"line":357,"column":9},"end":{"line":365,"column":9}},"type":"cond-expr","locations":[{"start":{"line":357,"column":20},"end":{"line":357,"column":45}},{"start":{"line":358,"column":10},"end":{"line":364,"column":16}}],"line":357},"27":{"loc":{"start":{"line":378,"column":4},"end":{"line":378,"column":41}},"type":"if","locations":[{"start":{"line":378,"column":4},"end":{"line":378,"column":41}},{"start":{},"end":{}}],"line":378},"28":{"loc":{"start":{"line":378,"column":8},"end":{"line":378,"column":28}},"type":"binary-expr","locations":[{"start":{"line":378,"column":8},"end":{"line":378,"column":16}},{"start":{"line":378,"column":20},"end":{"line":378,"column":28}}],"line":378},"29":{"loc":{"start":{"line":382,"column":9},"end":{"line":390,"column":9}},"type":"cond-expr","locations":[{"start":{"line":382,"column":20},"end":{"line":382,"column":28}},{"start":{"line":383,"column":10},"end":{"line":389,"column":19}}],"line":382},"30":{"loc":{"start":{"line":388,"column":13},"end":{"line":388,"column":57}},"type":"cond-expr","locations":[{"start":{"line":388,"column":23},"end":{"line":388,"column":35}},{"start":{"line":388,"column":38},"end":{"line":388,"column":57}}],"line":388},"31":{"loc":{"start":{"line":403,"column":4},"end":{"line":403,"column":58}},"type":"if","locations":[{"start":{"line":403,"column":4},"end":{"line":403,"column":58}},{"start":{},"end":{}}],"line":403},"32":{"loc":{"start":{"line":403,"column":8},"end":{"line":403,"column":45}},"type":"binary-expr","locations":[{"start":{"line":403,"column":8},"end":{"line":403,"column":15}},{"start":{"line":403,"column":19},"end":{"line":403,"column":45}}],"line":403},"33":{"loc":{"start":{"line":407,"column":9},"end":{"line":409,"column":9}},"type":"cond-expr","locations":[{"start":{"line":407,"column":20},"end":{"line":407,"column":28}},{"start":{"line":408,"column":10},"end":{"line":408,"column":38}}],"line":407},"34":{"loc":{"start":{"line":422,"column":4},"end":{"line":422,"column":29}},"type":"if","locations":[{"start":{"line":422,"column":4},"end":{"line":422,"column":29}},{"start":{},"end":{}}],"line":422},"35":{"loc":{"start":{"line":426,"column":9},"end":{"line":428,"column":9}},"type":"cond-expr","locations":[{"start":{"line":426,"column":20},"end":{"line":426,"column":28}},{"start":{"line":427,"column":10},"end":{"line":427,"column":39}}],"line":426}},"s":{"0":0,"1":0,"2":0,"3":0,"4":0,"5":0,"6":0,"7":0,"8":0,"9":0,"10":0,"11":0,"12":0,"13":0,"14":0,"15":0,"16":0,"17":0,"18":0,"19":0,"20":0,"21":0,"22":0,"23":0,"24":0,"25":0,"26":0,"27":0,"28":0,"29":0,"30":0,"31":0,"32":0,"33":0,"34":0,"35":0,"36":0,"37":0,"38":0,"39":0,"40":0,"41":0,"42":0,"43":0,"44":0,"45":0,"46":0,"47":0,"48":0,"49":0,"50":0,"51":0,"52":0,"53":0,"54":0,"55":0,"56":0,"57":0,"58":0,"59":0,"60":0,"61":0,"62":0,"63":0,"64":0,"65":0,"66":0,"67":0,"68":0,"69":0,"70":0,"71":0,"72":0,"73":0,"74":0,"75":0,"76":0,"77":0,"78":0,"79":0,"80":0,"81":0,"82":0,"83":0,"84":0,"85":0,"86":0,"87":0,"88":0,"89":0,"90":0,"91":0,"92":0,"93":0,"94":0,"95":0,"96":0,"97":0,"98":0,"99":0},"f":{"0":0,"1":0,"2":0,"3":0,"4":0,"5":0,"6":0,"7":0,"8":0,"9":0,"10":0,"11":0,"12":0,"13":0,"14":0,"15":0,"16":0,"17":0,"18":0,"19":0,"20":0,"21":0,"22":0,"23":0,"24":0,"25":0,"26":0,"27":0,"28":0,"29":0,"30":0,"31":0,"32":0,"33":0,"34":0},"b":{"0":[0,0],"1":[0,0],"2":[0,0],"3":[0],"4":[0],"5":[0],"6":[0],"7":[0,0],"8":[0,0,0],"9":[0,0,0,0,0,0,0],"10":[0,0],"11":[0,0],"12":[0,0],"13":[0],"14":[0],"15":[0],"16":[0,0],"17":[0,0],"18":[0,0],"19":[0,0],"20":[0],"21":[0,0],"22":[0,0],"23":[0],"24":[0,0],"25":[0,0],"26":[0,0],"27":[0,0],"28":[0,0],"29":[0,0],"30":[0,0],"31":[0,0],"32":[0,0],"33":[0,0],"34":[0,0],"35":[0,0]}}
,"/Users/mayankgirdhar/Movies/work/headless-ui/packages/@magnora/headlessui-react/src/providers/magnora-provider.tsx": {"path":"/Users/mayankgirdhar/Movies/work/headless-ui/packages/@magnora/headlessui-react/src/providers/magnora-provider.tsx","statementMap":{"0":{"start":{"line":10,"column":48},"end":{"line":10,"column":52}},"1":{"start":{"line":16,"column":4},"end":{"line":36,"column":5}},"2":{"start":{"line":20,"column":24},"end":{"line":27,"column":13}},"3":{"start":{"line":29,"column":12},"end":{"line":29,"column":66}},"4":{"start":{"line":29,"column":25},"end":{"line":29,"column":66}},"5":{"start":{"line":30,"column":25},"end":{"line":30,"column":41}},"6":{"start":{"line":31,"column":12},"end":{"line":34,"column":13}},"7":{"start":{"line":40,"column":4},"end":{"line":42,"column":5}},"8":{"start":{"line":41,"column":8},"end":{"line":41,"column":67}},"9":{"start":{"line":43,"column":4},"end":{"line":43,"column":25}}},"fnMap":{"0":{"name":"initMagnoraProvider","decl":{"start":{"line":12,"column":16},"end":{"line":12,"column":35}},"loc":{"start":{"line":15,"column":3},"end":{"line":37,"column":1}},"line":15},"1":{"name":"(anonymous_1)","decl":{"start":{"line":19,"column":19},"end":{"line":19,"column":20}},"loc":{"start":{"line":19,"column":48},"end":{"line":35,"column":9}},"line":19},"2":{"name":"useMagnora","decl":{"start":{"line":39,"column":16},"end":{"line":39,"column":26}},"loc":{"start":{"line":39,"column":29},"end":{"line":44,"column":1}},"line":39}},"branchMap":{"0":{"loc":{"start":{"line":29,"column":12},"end":{"line":29,"column":66}},"type":"if","locations":[{"start":{"line":29,"column":12},"end":{"line":29,"column":66}},{"start":{},"end":{}}],"line":29},"1":{"loc":{"start":{"line":40,"column":4},"end":{"line":42,"column":5}},"type":"if","locations":[{"start":{"line":40,"column":4},"end":{"line":42,"column":5}},{"start":{},"end":{}}],"line":40}},"s":{"0":7,"1":6,"2":3,"3":2,"4":1,"5":1,"6":1,"7":5,"8":1,"9":4},"f":{"0":6,"1":3,"2":5},"b":{"0":[1,1],"1":[1,4]},"_coverageSchema":"1a1c01bbd47fc00a2c39e90264f33305004495a9","hash":"ff3235bade82f9c12c4b537c808b7b57a46eb0a0"}
}
