TN:
SF:src/index.ts
FNF:0
FNH:0
LF:0
LH:0
BRF:0
BRH:0
end_of_record
TN:
SF:src/components/button/button.tsx
FN:32,(anonymous_0)
FN:74,(anonymous_1)
FN:78,(anonymous_2)
FN:139,useButtonState
FNF:4
FNH:3
FNDA:16,(anonymous_0)
FNDA:2,(anonymous_1)
FNDA:1,(anonymous_2)
FNDA:0,useButtonState
DA:31,1
DA:48,16
DA:51,16
DA:57,16
DA:64,16
DA:70,16
DA:72,16
DA:75,2
DA:76,2
DA:79,1
DA:80,1
DA:84,16
DA:92,16
DA:136,1
DA:142,0
LF:15
LH:14
BRDA:34,0,0,14
BRDA:35,1,0,14
BRDA:36,2,0,15
BRDA:48,3,0,16
BRDA:48,3,1,15
BRDA:112,4,0,16
BRDA:112,4,1,1
BRDA:118,5,0,1
BRDA:118,5,1,15
BRDA:126,6,0,16
BRDA:126,6,1,1
BRF:11
BRH:11
end_of_record
TN:
SF:src/components/card/card.tsx
FN:46,useCard
FN:56,(anonymous_1)
FN:72,(anonymous_2)
FN:79,(anonymous_3)
FN:85,(anonymous_4)
FN:92,(anonymous_5)
FN:97,(anonymous_6)
FN:104,(anonymous_7)
FN:109,(anonymous_8)
FN:147,(anonymous_9)
FN:160,(anonymous_10)
FN:173,(anonymous_11)
FN:186,(anonymous_12)
FN:204,(anonymous_13)
FN:225,(anonymous_14)
FN:238,(anonymous_15)
FNF:16
FNH:0
FNDA:0,useCard
FNDA:0,(anonymous_1)
FNDA:0,(anonymous_2)
FNDA:0,(anonymous_3)
FNDA:0,(anonymous_4)
FNDA:0,(anonymous_5)
FNDA:0,(anonymous_6)
FNDA:0,(anonymous_7)
FNDA:0,(anonymous_8)
FNDA:0,(anonymous_9)
FNDA:0,(anonymous_10)
FNDA:0,(anonymous_11)
FNDA:0,(anonymous_12)
FNDA:0,(anonymous_13)
FNDA:0,(anonymous_14)
FNDA:0,(anonymous_15)
DA:43,0
DA:47,0
DA:48,0
DA:49,0
DA:51,0
DA:55,0
DA:68,0
DA:69,0
DA:70,0
DA:72,0
DA:73,0
DA:74,0
DA:75,0
DA:79,0
DA:80,0
DA:81,0
DA:82,0
DA:85,0
DA:86,0
DA:87,0
DA:88,0
DA:92,0
DA:93,0
DA:94,0
DA:97,0
DA:98,0
DA:99,0
DA:100,0
DA:104,0
DA:105,0
DA:106,0
DA:109,0
DA:117,0
DA:143,0
DA:146,0
DA:148,0
DA:156,0
DA:159,0
DA:161,0
DA:169,0
DA:172,0
DA:174,0
DA:182,0
DA:185,0
DA:187,0
DA:200,0
DA:203,0
DA:205,0
DA:219,0
DA:222,0
DA:226,0
DA:234,0
DA:237,0
DA:239,0
DA:247,0
LF:55
LH:0
BRDA:48,0,0,0
BRDA:48,0,1,0
BRDA:57,1,0,0
BRDA:58,2,0,0
BRDA:73,3,0,0
BRDA:73,3,1,0
BRDA:86,4,0,0
BRDA:86,4,1,0
BRDA:98,5,0,0
BRDA:98,5,1,0
BRDA:126,6,0,0
BRDA:126,6,1,0
BRDA:127,7,0,0
BRDA:127,7,1,0
BRDA:204,8,0,0
BRDA:225,9,0,0
BRF:16
BRH:0
end_of_record
TN:
SF:src/components/rating/rating.tsx
FN:58,useRating
FN:68,(anonymous_1)
FN:81,(anonymous_2)
FN:87,(anonymous_3)
FN:93,(anonymous_4)
FN:127,(anonymous_5)
FN:128,(anonymous_6)
FN:155,(anonymous_7)
FN:159,(anonymous_8)
FN:166,(anonymous_9)
FN:173,(anonymous_10)
FN:179,(anonymous_11)
FN:245,(anonymous_12)
FN:251,(anonymous_13)
FN:283,(anonymous_14)
FNF:15
FNH:11
FNDA:49,useRating
FNDA:4,(anonymous_1)
FNDA:0,(anonymous_2)
FNDA:0,(anonymous_3)
FNDA:4,(anonymous_4)
FNDA:6,(anonymous_5)
FNDA:6,(anonymous_6)
FNDA:42,(anonymous_7)
FNDA:1,(anonymous_8)
FNDA:0,(anonymous_9)
FNDA:0,(anonymous_10)
FNDA:40,(anonymous_11)
FNDA:7,(anonymous_12)
FNDA:40,(anonymous_13)
FNDA:3,(anonymous_14)
DA:55,1
DA:59,49
DA:60,49
DA:61,0
DA:63,49
DA:67,1
DA:79,4
DA:81,4
DA:82,0
DA:83,0
DA:84,0
DA:87,4
DA:88,0
DA:89,0
DA:90,0
DA:93,4
DA:104,4
DA:123,1
DA:126,1
DA:128,6
DA:136,6
DA:151,1
DA:154,1
DA:156,42
DA:157,42
DA:159,42
DA:160,1
DA:161,1
DA:162,1
DA:163,1
DA:166,42
DA:167,0
DA:168,0
DA:169,0
DA:170,0
DA:173,42
DA:174,0
DA:175,0
DA:176,0
DA:179,42
DA:180,40
DA:181,40
DA:182,40
DA:184,40
DA:185,17
DA:187,0
DA:188,0
DA:189,0
DA:192,0
DA:196,42
DA:202,42
DA:207,42
DA:208,15
DA:220,27
DA:237,1
DA:244,1
DA:246,7
DA:247,7
DA:249,7
DA:252,40
DA:253,40
DA:254,40
DA:258,40
DA:259,10
DA:262,30
DA:273,1
DA:282,1
DA:284,3
DA:286,2
DA:294,1
LF:70
LH:52
BRDA:60,0,0,0
BRDA:60,0,1,49
BRDA:70,1,0,3
BRDA:74,2,0,4
BRDA:75,3,0,4
BRDA:82,4,0,0
BRDA:82,4,1,0
BRDA:88,5,0,0
BRDA:88,5,1,0
BRDA:108,6,0,0
BRDA:108,6,1,4
BRDA:109,7,0,0
BRDA:109,7,1,4
BRDA:110,8,0,0
BRDA:110,8,1,4
BRDA:111,9,0,0
BRDA:111,9,1,4
BRDA:112,10,0,0
BRDA:112,10,1,4
BRDA:127,11,0,6
BRDA:127,12,0,5
BRDA:141,13,0,1
BRDA:141,13,1,5
BRDA:155,14,0,0
BRDA:160,15,0,0
BRDA:160,15,1,1
BRDA:167,16,0,0
BRDA:167,16,1,0
BRDA:174,17,0,0
BRDA:174,17,1,0
BRDA:181,18,0,40
BRDA:181,18,1,40
BRDA:184,19,0,23
BRDA:184,19,1,17
BRDA:185,20,0,17
BRDA:185,20,1,0
BRDA:187,21,0,0
BRDA:187,21,1,0
BRDA:189,22,0,0
BRDA:189,22,1,0
BRDA:207,23,0,15
BRDA:207,23,1,27
BRDA:247,24,0,7
BRDA:247,24,1,7
BRDA:254,25,0,40
BRDA:254,25,1,15
BRDA:254,25,2,13
BRDA:258,26,0,10
BRDA:258,26,1,30
BRDA:283,27,0,2
BRDA:284,28,0,1
BRDA:284,28,1,2
BRDA:284,29,0,3
BRDA:284,29,1,2
BRDA:288,30,0,1
BRDA:288,30,1,1
BRF:56
BRH:35
end_of_record
TN:
SF:src/components/review/review.tsx
FN:62,useReview
FN:72,(anonymous_1)
FN:73,(anonymous_2)
FN:99,(anonymous_3)
FN:124,(anonymous_4)
FN:144,(anonymous_5)
FN:161,(anonymous_6)
FN:178,(anonymous_7)
FN:199,(anonymous_8)
FN:221,(anonymous_9)
FN:234,(anonymous_10)
FN:247,(anonymous_11)
FN:256,(anonymous_12)
FN:278,(anonymous_13)
FN:281,(anonymous_14)
FN:305,(anonymous_15)
FNF:16
FNH:0
FNDA:0,useReview
FNDA:0,(anonymous_1)
FNDA:0,(anonymous_2)
FNDA:0,(anonymous_3)
FNDA:0,(anonymous_4)
FNDA:0,(anonymous_5)
FNDA:0,(anonymous_6)
FNDA:0,(anonymous_7)
FNDA:0,(anonymous_8)
FNDA:0,(anonymous_9)
FNDA:0,(anonymous_10)
FNDA:0,(anonymous_11)
FNDA:0,(anonymous_12)
FNDA:0,(anonymous_13)
FNDA:0,(anonymous_14)
FNDA:0,(anonymous_15)
DA:59,0
DA:63,0
DA:64,0
DA:65,0
DA:67,0
DA:71,0
DA:73,0
DA:77,0
DA:95,0
DA:98,0
DA:100,0
DA:101,0
DA:102,0
DA:104,0
DA:120,0
DA:123,0
DA:125,0
DA:127,0
DA:140,0
DA:143,0
DA:145,0
DA:147,0
DA:149,0
DA:157,0
DA:160,0
DA:162,0
DA:164,0
DA:172,0
DA:175,0
DA:179,0
DA:180,0
DA:182,0
DA:195,0
DA:198,0
DA:200,0
DA:202,0
DA:217,0
DA:220,0
DA:222,0
DA:230,0
DA:233,0
DA:235,0
DA:243,0
DA:246,0
DA:248,0
DA:250,0
DA:252,0
DA:257,0
DA:272,0
DA:275,0
DA:279,0
DA:281,0
DA:282,0
DA:283,0
DA:286,0
DA:301,0
DA:304,0
DA:306,0
DA:308,0
DA:310,0
DA:323,0
LF:61
LH:0
BRDA:64,0,0,0
BRDA:64,0,1,0
BRDA:101,1,0,0
BRDA:101,1,1,0
BRDA:102,2,0,0
BRDA:102,2,1,0
BRDA:106,3,0,0
BRDA:106,3,1,0
BRDA:108,4,0,0
BRDA:108,4,1,0
BRDA:134,5,0,0
BRDA:134,5,1,0
BRDA:147,6,0,0
BRDA:147,6,1,0
BRDA:147,7,0,0
BRDA:147,7,1,0
BRDA:151,8,0,0
BRDA:151,8,1,0
BRDA:166,9,0,0
BRDA:166,9,1,0
BRDA:180,10,0,0
BRDA:180,10,1,0
BRDA:189,11,0,0
BRDA:189,11,1,0
BRDA:250,12,0,0
BRDA:250,12,1,0
BRDA:254,13,0,0
BRDA:254,13,1,0
BRDA:258,14,0,0
BRDA:258,14,1,0
BRDA:259,15,0,0
BRDA:259,15,1,0
BRDA:261,16,0,0
BRDA:261,16,1,0
BRDA:291,17,0,0
BRDA:291,17,1,0
BRDA:295,18,0,0
BRDA:295,18,1,0
BRDA:295,19,0,0
BRDA:295,19,1,0
BRDA:308,20,0,0
BRDA:308,20,1,0
BRDA:317,21,0,0
BRDA:317,21,1,0
BRF:44
BRH:0
end_of_record
TN:
SF:src/components/review-form/review-form.tsx
FN:103,useReviewForm
FN:123,reviewFormReducer
FN:166,validateForm
FN:198,(anonymous_3)
FN:216,(anonymous_4)
FN:243,(anonymous_5)
FN:273,(anonymous_6)
FN:294,(anonymous_7)
FN:307,(anonymous_8)
FN:310,(anonymous_9)
FN:333,(anonymous_10)
FN:336,(anonymous_11)
FN:358,(anonymous_12)
FN:361,(anonymous_13)
FN:375,(anonymous_14)
FN:379,(anonymous_15)
FN:397,(anonymous_16)
FN:400,(anonymous_17)
FN:458,(anonymous_18)
FN:481,(anonymous_19)
FNF:20
FNH:0
FNDA:0,useReviewForm
FNDA:0,reviewFormReducer
FNDA:0,validateForm
FNDA:0,(anonymous_3)
FNDA:0,(anonymous_4)
FNDA:0,(anonymous_5)
FNDA:0,(anonymous_6)
FNDA:0,(anonymous_7)
FNDA:0,(anonymous_8)
FNDA:0,(anonymous_9)
FNDA:0,(anonymous_10)
FNDA:0,(anonymous_11)
FNDA:0,(anonymous_12)
FNDA:0,(anonymous_13)
FNDA:0,(anonymous_14)
FNDA:0,(anonymous_15)
FNDA:0,(anonymous_16)
FNDA:0,(anonymous_17)
FNDA:0,(anonymous_18)
FNDA:0,(anonymous_19)
DA:100,0
DA:104,0
DA:105,0
DA:106,0
DA:108,0
DA:112,0
DA:124,0
DA:126,0
DA:139,0
DA:144,0
DA:149,0
DA:154,0
DA:161,0
DA:167,0
DA:169,0
DA:170,0
DA:173,0
DA:174,0
DA:175,0
DA:176,0
DA:179,0
DA:180,0
DA:183,0
DA:184,0
DA:185,0
DA:186,0
DA:189,0
DA:190,0
DA:193,0
DA:197,0
DA:209,0
DA:216,0
DA:217,0
DA:219,0
DA:222,0
DA:224,0
DA:225,0
DA:226,0
DA:227,0
DA:230,0
DA:231,0
DA:232,0
DA:234,0
DA:239,0
DA:243,0
DA:253,0
DA:269,0
DA:272,0
DA:274,0
DA:275,0
DA:277,0
DA:290,0
DA:293,0
DA:295,0
DA:303,0
DA:306,0
DA:308,0
DA:310,0
DA:311,0
DA:312,0
DA:313,0
DA:316,0
DA:329,0
DA:332,0
DA:334,0
DA:336,0
DA:337,0
DA:338,0
DA:341,0
DA:354,0
DA:357,0
DA:359,0
DA:361,0
DA:362,0
DA:365,0
DA:376,0
DA:379,0
DA:393,0
DA:396,0
DA:398,0
DA:400,0
DA:401,0
DA:404,0
DA:405,0
DA:409,0
DA:413,0
DA:414,0
DA:415,0
DA:419,0
DA:422,0
DA:423,0
DA:427,0
DA:431,0
DA:434,0
DA:454,0
DA:457,0
DA:459,0
DA:460,0
DA:462,0
DA:464,0
DA:477,0
DA:480,0
DA:482,0
DA:483,0
DA:485,0
DA:499,0
LF:106
LH:0
BRDA:105,0,0,0
BRDA:105,0,1,0
BRDA:124,1,0,0
BRDA:124,1,1,0
BRDA:124,1,2,0
BRDA:124,1,3,0
BRDA:124,1,4,0
BRDA:124,1,5,0
BRDA:169,2,0,0
BRDA:169,2,1,0
BRDA:173,3,0,0
BRDA:173,3,1,0
BRDA:175,4,0,0
BRDA:175,4,1,0
BRDA:179,5,0,0
BRDA:179,5,1,0
BRDA:183,6,0,0
BRDA:183,6,1,0
BRDA:185,7,0,0
BRDA:185,7,1,0
BRDA:189,8,0,0
BRDA:189,8,1,0
BRDA:189,9,0,0
BRDA:189,9,1,0
BRDA:202,10,0,0
BRDA:203,11,0,0
BRDA:204,12,0,0
BRDA:205,13,0,0
BRDA:222,14,0,0
BRDA:222,14,1,0
BRDA:224,15,0,0
BRDA:224,15,1,0
BRDA:224,16,0,0
BRDA:224,16,1,0
BRDA:236,17,0,0
BRDA:236,17,1,0
BRDA:311,18,0,0
BRDA:311,18,1,0
BRDA:373,19,0,0
BRDA:373,19,1,0
BRDA:401,20,0,0
BRDA:401,20,1,0
BRDA:404,21,0,0
BRDA:404,21,1,0
BRDA:414,22,0,0
BRDA:414,22,1,0
BRDA:422,23,0,0
BRDA:422,23,1,0
BRDA:441,24,0,0
BRDA:441,24,1,0
BRDA:458,25,0,0
BRDA:462,26,0,0
BRDA:462,26,1,0
BRDA:471,27,0,0
BRDA:471,27,1,0
BRDA:483,28,0,0
BRDA:483,28,1,0
BRDA:493,29,0,0
BRDA:493,29,1,0
BRDA:493,30,0,0
BRDA:493,30,1,0
BRF:61
BRH:0
end_of_record
TN:
SF:src/components/reviews-list/reviews-list.tsx
FN:101,useReviewsList
FN:114,(anonymous_1)
FN:119,(anonymous_2)
FN:124,(anonymous_3)
FN:129,(anonymous_4)
FN:134,(anonymous_5)
FN:140,(anonymous_6)
FN:154,(anonymous_7)
FN:160,(anonymous_8)
FN:169,(anonymous_9)
FN:172,(anonymous_10)
FN:175,(anonymous_11)
FN:178,(anonymous_12)
FN:181,(anonymous_13)
FN:184,(anonymous_14)
FN:187,(anonymous_15)
FN:190,(anonymous_16)
FN:197,(anonymous_17)
FN:206,(anonymous_18)
FN:241,(anonymous_19)
FN:254,(anonymous_20)
FN:274,(anonymous_21)
FN:275,(anonymous_22)
FN:293,(anonymous_23)
FN:296,(anonymous_24)
FN:305,(anonymous_25)
FN:308,(anonymous_26)
FN:324,(anonymous_27)
FN:327,(anonymous_28)
FN:338,(anonymous_29)
FN:350,(anonymous_30)
FN:359,(anonymous_31)
FN:375,(anonymous_32)
FN:400,(anonymous_33)
FN:419,(anonymous_34)
FNF:35
FNH:0
FNDA:0,useReviewsList
FNDA:0,(anonymous_1)
FNDA:0,(anonymous_2)
FNDA:0,(anonymous_3)
FNDA:0,(anonymous_4)
FNDA:0,(anonymous_5)
FNDA:0,(anonymous_6)
FNDA:0,(anonymous_7)
FNDA:0,(anonymous_8)
FNDA:0,(anonymous_9)
FNDA:0,(anonymous_10)
FNDA:0,(anonymous_11)
FNDA:0,(anonymous_12)
FNDA:0,(anonymous_13)
FNDA:0,(anonymous_14)
FNDA:0,(anonymous_15)
FNDA:0,(anonymous_16)
FNDA:0,(anonymous_17)
FNDA:0,(anonymous_18)
FNDA:0,(anonymous_19)
FNDA:0,(anonymous_20)
FNDA:0,(anonymous_21)
FNDA:0,(anonymous_22)
FNDA:0,(anonymous_23)
FNDA:0,(anonymous_24)
FNDA:0,(anonymous_25)
FNDA:0,(anonymous_26)
FNDA:0,(anonymous_27)
FNDA:0,(anonymous_28)
FNDA:0,(anonymous_29)
FNDA:0,(anonymous_30)
FNDA:0,(anonymous_31)
FNDA:0,(anonymous_32)
FNDA:0,(anonymous_33)
FNDA:0,(anonymous_34)
DA:98,0
DA:102,0
DA:103,0
DA:104,0
DA:106,0
DA:110,0
DA:114,0
DA:119,0
DA:124,0
DA:129,0
DA:134,0
DA:139,0
DA:154,0
DA:155,0
DA:158,0
DA:159,0
DA:160,0
DA:161,0
DA:169,0
DA:170,0
DA:172,0
DA:173,0
DA:175,0
DA:176,0
DA:178,0
DA:179,0
DA:181,0
DA:182,0
DA:184,0
DA:185,0
DA:187,0
DA:188,0
DA:190,0
DA:191,0
DA:196,0
DA:197,0
DA:198,0
DA:199,0
DA:203,0
DA:206,0
DA:220,0
DA:237,0
DA:240,0
DA:242,0
DA:250,0
DA:253,0
DA:255,0
DA:257,0
DA:274,0
DA:276,0
DA:289,0
DA:292,0
DA:294,0
DA:296,0
DA:297,0
DA:300,0
DA:305,0
DA:309,0
DA:320,0
DA:323,0
DA:325,0
DA:327,0
DA:328,0
DA:331,0
DA:338,0
DA:346,0
DA:349,0
DA:351,0
DA:353,0
DA:355,0
DA:360,0
DA:371,0
DA:374,0
DA:376,0
DA:378,0
DA:380,0
DA:396,0
DA:399,0
DA:401,0
DA:403,0
DA:405,0
DA:415,0
DA:418,0
DA:420,0
DA:422,0
DA:424,0
DA:434,0
LF:87
LH:0
BRDA:103,0,0,0
BRDA:103,0,1,0
BRDA:134,1,0,0
BRDA:134,1,1,0
BRDA:134,2,0,0
BRDA:134,2,1,0
BRDA:143,3,0,0
BRDA:144,4,0,0
BRDA:149,5,0,0
BRDA:150,6,0,0
BRDA:158,7,0,0
BRDA:158,7,1,0
BRDA:161,8,0,0
BRDA:161,8,1,0
BRDA:161,8,2,0
BRDA:170,9,0,0
BRDA:170,9,1,0
BRDA:170,9,2,0
BRDA:170,9,3,0
BRDA:170,9,4,0
BRDA:170,9,5,0
BRDA:170,9,6,0
BRDA:175,10,0,0
BRDA:175,10,1,0
BRDA:196,11,0,0
BRDA:196,11,1,0
BRDA:198,12,0,0
BRDA:198,12,1,0
BRDA:254,13,0,0
BRDA:254,14,0,0
BRDA:254,15,0,0
BRDA:259,16,0,0
BRDA:259,16,1,0
BRDA:261,17,0,0
BRDA:261,17,1,0
BRDA:266,18,0,0
BRDA:266,18,1,0
BRDA:271,19,0,0
BRDA:271,19,1,0
BRDA:293,20,0,0
BRDA:302,21,0,0
BRDA:302,21,1,0
BRDA:304,22,0,0
BRDA:304,22,1,0
BRDA:324,23,0,0
BRDA:333,24,0,0
BRDA:333,24,1,0
BRDA:353,25,0,0
BRDA:353,25,1,0
BRDA:357,26,0,0
BRDA:357,26,1,0
BRDA:378,27,0,0
BRDA:378,27,1,0
BRDA:378,28,0,0
BRDA:378,28,1,0
BRDA:382,29,0,0
BRDA:382,29,1,0
BRDA:388,30,0,0
BRDA:388,30,1,0
BRDA:403,31,0,0
BRDA:403,31,1,0
BRDA:403,32,0,0
BRDA:403,32,1,0
BRDA:407,33,0,0
BRDA:407,33,1,0
BRDA:422,34,0,0
BRDA:422,34,1,0
BRDA:426,35,0,0
BRDA:426,35,1,0
BRF:69
BRH:0
end_of_record
TN:
SF:src/providers/magnora-provider.tsx
FN:12,initMagnoraProvider
FN:19,(anonymous_1)
FN:39,useMagnora
FNF:3
FNH:3
FNDA:6,initMagnoraProvider
FNDA:3,(anonymous_1)
FNDA:5,useMagnora
DA:10,7
DA:16,6
DA:20,3
DA:29,2
DA:30,1
DA:31,1
DA:40,5
DA:41,1
DA:43,4
LF:9
LH:9
BRDA:29,0,0,1
BRDA:29,0,1,1
BRDA:40,1,0,1
BRDA:40,1,1,4
BRF:4
BRH:4
end_of_record
